{"G:\\SecretWatch\\apps\\worker\\src\\db.ts": {"path":"G:\\SecretWatch\\apps\\worker\\src\\db.ts","all":true,"statementMap":{"0":{"start":{"line":1,"column":0},"end":{"line":1,"column":46}},"10":{"start":{"line":11,"column":0},"end":{"line":11,"column":40}},"11":{"start":{"line":12,"column":0},"end":{"line":12,"column":78}},"12":{"start":{"line":13,"column":0},"end":{"line":13,"column":3}}},"s":{"0":0,"10":0,"11":0,"12":0},"branchMap":{"0":{"type":"branch","line":1,"loc":{"start":{"line":1,"column":593},"end":{"line":13,"column":3}},"locations":[{"start":{"line":1,"column":593},"end":{"line":13,"column":3}}]}},"b":{"0":[0]},"fnMap":{"0":{"name":"(empty-report)","decl":{"start":{"line":1,"column":593},"end":{"line":13,"column":3}},"loc":{"start":{"line":1,"column":593},"end":{"line":13,"column":3}},"line":1}},"f":{"0":0}}
,"G:\\SecretWatch\\apps\\worker\\src\\flagger.worker.ts": {"path":"G:\\SecretWatch\\apps\\worker\\src\\flagger.worker.ts","all":false,"statementMap":{"0":{"start":{"line":1,"column":0},"end":{"line":1,"column":42}},"41":{"start":{"line":42,"column":0},"end":{"line":42,"column":44}},"49":{"start":{"line":50,"column":0},"end":{"line":50,"column":79}},"50":{"start":{"line":51,"column":0},"end":{"line":51,"column":39}},"51":{"start":{"line":52,"column":0},"end":{"line":52,"column":46}},"52":{"start":{"line":53,"column":0},"end":{"line":53,"column":80}},"53":{"start":{"line":54,"column":0},"end":{"line":54,"column":6}},"54":{"start":{"line":55,"column":0},"end":{"line":55,"column":27}},"55":{"start":{"line":56,"column":0},"end":{"line":56,"column":33}},"56":{"start":{"line":57,"column":0},"end":{"line":57,"column":33}},"57":{"start":{"line":58,"column":0},"end":{"line":58,"column":30}},"58":{"start":{"line":59,"column":0},"end":{"line":59,"column":30}},"59":{"start":{"line":60,"column":0},"end":{"line":60,"column":32}},"60":{"start":{"line":61,"column":0},"end":{"line":61,"column":5}},"61":{"start":{"line":62,"column":0},"end":{"line":62,"column":34}},"62":{"start":{"line":63,"column":0},"end":{"line":63,"column":3}},"63":{"start":{"line":64,"column":0},"end":{"line":64,"column":27}},"64":{"start":{"line":65,"column":0},"end":{"line":65,"column":1}},"67":{"start":{"line":68,"column":0},"end":{"line":68,"column":53}},"68":{"start":{"line":69,"column":0},"end":{"line":69,"column":16}},"69":{"start":{"line":70,"column":0},"end":{"line":70,"column":58}},"70":{"start":{"line":71,"column":0},"end":{"line":71,"column":30}},"71":{"start":{"line":72,"column":0},"end":{"line":72,"column":37}},"72":{"start":{"line":73,"column":0},"end":{"line":73,"column":15}},"73":{"start":{"line":74,"column":0},"end":{"line":74,"column":112}},"74":{"start":{"line":75,"column":0},"end":{"line":75,"column":7}},"76":{"start":{"line":77,"column":0},"end":{"line":77,"column":45}},"78":{"start":{"line":79,"column":0},"end":{"line":79,"column":27}},"84":{"start":{"line":85,"column":0},"end":{"line":85,"column":99}},"85":{"start":{"line":86,"column":0},"end":{"line":86,"column":53}},"86":{"start":{"line":87,"column":0},"end":{"line":87,"column":71}},"87":{"start":{"line":88,"column":0},"end":{"line":88,"column":46}},"88":{"start":{"line":89,"column":0},"end":{"line":89,"column":6}},"90":{"start":{"line":91,"column":0},"end":{"line":91,"column":46}},"91":{"start":{"line":92,"column":0},"end":{"line":92,"column":30}},"95":{"start":{"line":96,"column":0},"end":{"line":96,"column":56}},"96":{"start":{"line":97,"column":0},"end":{"line":97,"column":14}},"97":{"start":{"line":98,"column":0},"end":{"line":98,"column":23}},"98":{"start":{"line":99,"column":0},"end":{"line":99,"column":38}},"99":{"start":{"line":100,"column":0},"end":{"line":100,"column":8}},"100":{"start":{"line":101,"column":0},"end":{"line":101,"column":38}},"101":{"start":{"line":102,"column":0},"end":{"line":102,"column":7}},"103":{"start":{"line":104,"column":0},"end":{"line":104,"column":27}},"104":{"start":{"line":105,"column":0},"end":{"line":105,"column":21}},"105":{"start":{"line":106,"column":0},"end":{"line":106,"column":5}},"107":{"start":{"line":108,"column":0},"end":{"line":108,"column":82}},"108":{"start":{"line":109,"column":0},"end":{"line":109,"column":3}},"109":{"start":{"line":110,"column":0},"end":{"line":110,"column":1}},"111":{"start":{"line":112,"column":0},"end":{"line":112,"column":52}},"112":{"start":{"line":113,"column":0},"end":{"line":113,"column":90}},"113":{"start":{"line":114,"column":0},"end":{"line":114,"column":32}},"114":{"start":{"line":115,"column":0},"end":{"line":115,"column":40}},"115":{"start":{"line":116,"column":0},"end":{"line":116,"column":88}},"116":{"start":{"line":117,"column":0},"end":{"line":117,"column":5}},"117":{"start":{"line":118,"column":0},"end":{"line":118,"column":1}},"126":{"start":{"line":127,"column":0},"end":{"line":127,"column":58}},"129":{"start":{"line":130,"column":0},"end":{"line":130,"column":4}},"130":{"start":{"line":131,"column":0},"end":{"line":131,"column":38}},"131":{"start":{"line":132,"column":0},"end":{"line":132,"column":1}},"141":{"start":{"line":142,"column":0},"end":{"line":142,"column":133}},"146":{"start":{"line":147,"column":0},"end":{"line":147,"column":79}},"147":{"start":{"line":148,"column":0},"end":{"line":148,"column":24}},"148":{"start":{"line":149,"column":0},"end":{"line":149,"column":62}},"149":{"start":{"line":150,"column":0},"end":{"line":150,"column":3}},"151":{"start":{"line":152,"column":0},"end":{"line":152,"column":80}},"152":{"start":{"line":153,"column":0},"end":{"line":153,"column":17}},"153":{"start":{"line":154,"column":0},"end":{"line":154,"column":63}},"154":{"start":{"line":155,"column":0},"end":{"line":155,"column":3}},"155":{"start":{"line":156,"column":0},"end":{"line":156,"column":38}},"158":{"start":{"line":159,"column":0},"end":{"line":159,"column":74}},"159":{"start":{"line":160,"column":0},"end":{"line":160,"column":3}},"161":{"start":{"line":162,"column":0},"end":{"line":162,"column":101}},"162":{"start":{"line":163,"column":0},"end":{"line":163,"column":15}},"163":{"start":{"line":164,"column":0},"end":{"line":164,"column":71}},"164":{"start":{"line":165,"column":0},"end":{"line":165,"column":40}},"165":{"start":{"line":166,"column":0},"end":{"line":166,"column":105}},"166":{"start":{"line":167,"column":0},"end":{"line":167,"column":60}},"167":{"start":{"line":168,"column":0},"end":{"line":168,"column":3}},"169":{"start":{"line":170,"column":0},"end":{"line":170,"column":60}},"170":{"start":{"line":171,"column":0},"end":{"line":171,"column":56}},"171":{"start":{"line":172,"column":0},"end":{"line":172,"column":54}},"172":{"start":{"line":173,"column":0},"end":{"line":173,"column":31}},"173":{"start":{"line":174,"column":0},"end":{"line":174,"column":27}},"174":{"start":{"line":175,"column":0},"end":{"line":175,"column":30}},"175":{"start":{"line":176,"column":0},"end":{"line":176,"column":5}},"180":{"start":{"line":181,"column":0},"end":{"line":181,"column":84}},"181":{"start":{"line":182,"column":0},"end":{"line":182,"column":89}},"183":{"start":{"line":184,"column":0},"end":{"line":184,"column":7}},"184":{"start":{"line":185,"column":0},"end":{"line":185,"column":95}},"186":{"start":{"line":187,"column":0},"end":{"line":187,"column":99}},"188":{"start":{"line":189,"column":0},"end":{"line":189,"column":45}},"189":{"start":{"line":190,"column":0},"end":{"line":190,"column":28}},"190":{"start":{"line":191,"column":0},"end":{"line":191,"column":15}},"191":{"start":{"line":192,"column":0},"end":{"line":192,"column":32}},"192":{"start":{"line":193,"column":0},"end":{"line":193,"column":34}},"193":{"start":{"line":194,"column":0},"end":{"line":194,"column":32}},"194":{"start":{"line":195,"column":0},"end":{"line":195,"column":34}},"195":{"start":{"line":196,"column":0},"end":{"line":196,"column":10}},"196":{"start":{"line":197,"column":0},"end":{"line":197,"column":9}},"197":{"start":{"line":198,"column":0},"end":{"line":198,"column":50}},"198":{"start":{"line":199,"column":0},"end":{"line":199,"column":54}},"199":{"start":{"line":200,"column":0},"end":{"line":200,"column":36}},"200":{"start":{"line":201,"column":0},"end":{"line":201,"column":9}},"201":{"start":{"line":202,"column":0},"end":{"line":202,"column":31}},"205":{"start":{"line":206,"column":0},"end":{"line":206,"column":73}},"206":{"start":{"line":207,"column":0},"end":{"line":207,"column":7}},"207":{"start":{"line":208,"column":0},"end":{"line":208,"column":7}},"214":{"start":{"line":215,"column":0},"end":{"line":215,"column":28}},"215":{"start":{"line":216,"column":0},"end":{"line":216,"column":29}},"216":{"start":{"line":217,"column":0},"end":{"line":217,"column":112}},"217":{"start":{"line":218,"column":0},"end":{"line":218,"column":7}},"219":{"start":{"line":220,"column":0},"end":{"line":220,"column":45}},"220":{"start":{"line":221,"column":0},"end":{"line":221,"column":21}},"221":{"start":{"line":222,"column":0},"end":{"line":222,"column":41}},"222":{"start":{"line":223,"column":0},"end":{"line":223,"column":33}},"223":{"start":{"line":224,"column":0},"end":{"line":224,"column":39}},"224":{"start":{"line":225,"column":0},"end":{"line":225,"column":30}},"225":{"start":{"line":226,"column":0},"end":{"line":226,"column":96}},"227":{"start":{"line":228,"column":0},"end":{"line":228,"column":34}},"228":{"start":{"line":229,"column":0},"end":{"line":229,"column":17}},"229":{"start":{"line":230,"column":0},"end":{"line":230,"column":40}},"230":{"start":{"line":231,"column":0},"end":{"line":231,"column":40}},"231":{"start":{"line":232,"column":0},"end":{"line":232,"column":28}},"232":{"start":{"line":233,"column":0},"end":{"line":233,"column":28}},"233":{"start":{"line":234,"column":0},"end":{"line":234,"column":76}},"234":{"start":{"line":235,"column":0},"end":{"line":235,"column":7}},"236":{"start":{"line":237,"column":0},"end":{"line":237,"column":41}},"237":{"start":{"line":238,"column":0},"end":{"line":238,"column":21}},"238":{"start":{"line":239,"column":0},"end":{"line":239,"column":41}},"239":{"start":{"line":240,"column":0},"end":{"line":240,"column":33}},"240":{"start":{"line":241,"column":0},"end":{"line":241,"column":39}},"241":{"start":{"line":242,"column":0},"end":{"line":242,"column":13}},"242":{"start":{"line":243,"column":0},"end":{"line":243,"column":92}},"244":{"start":{"line":245,"column":0},"end":{"line":245,"column":41}},"245":{"start":{"line":246,"column":0},"end":{"line":246,"column":3}},"246":{"start":{"line":247,"column":0},"end":{"line":247,"column":1}},"255":{"start":{"line":256,"column":0},"end":{"line":256,"column":92}},"256":{"start":{"line":257,"column":0},"end":{"line":257,"column":32}},"257":{"start":{"line":258,"column":0},"end":{"line":258,"column":73}},"258":{"start":{"line":259,"column":0},"end":{"line":259,"column":5}},"259":{"start":{"line":260,"column":0},"end":{"line":260,"column":1}},"262":{"start":{"line":263,"column":0},"end":{"line":263,"column":48}},"263":{"start":{"line":264,"column":0},"end":{"line":264,"column":38}},"264":{"start":{"line":265,"column":0},"end":{"line":265,"column":51}},"265":{"start":{"line":266,"column":0},"end":{"line":266,"column":53}},"266":{"start":{"line":267,"column":0},"end":{"line":267,"column":5}},"267":{"start":{"line":268,"column":0},"end":{"line":268,"column":29}},"268":{"start":{"line":269,"column":0},"end":{"line":269,"column":59}},"269":{"start":{"line":270,"column":0},"end":{"line":270,"column":5}},"270":{"start":{"line":271,"column":0},"end":{"line":271,"column":29}},"271":{"start":{"line":272,"column":0},"end":{"line":272,"column":52}},"272":{"start":{"line":273,"column":0},"end":{"line":273,"column":5}},"273":{"start":{"line":274,"column":0},"end":{"line":274,"column":56}},"274":{"start":{"line":275,"column":0},"end":{"line":275,"column":3}},"275":{"start":{"line":276,"column":0},"end":{"line":276,"column":51}},"276":{"start":{"line":277,"column":0},"end":{"line":277,"column":1}},"278":{"start":{"line":279,"column":0},"end":{"line":279,"column":77}},"279":{"start":{"line":280,"column":0},"end":{"line":280,"column":35}},"280":{"start":{"line":281,"column":0},"end":{"line":281,"column":49}},"281":{"start":{"line":282,"column":0},"end":{"line":282,"column":54}},"282":{"start":{"line":283,"column":0},"end":{"line":283,"column":5}},"283":{"start":{"line":284,"column":0},"end":{"line":284,"column":1}},"290":{"start":{"line":291,"column":0},"end":{"line":291,"column":68}},"291":{"start":{"line":292,"column":0},"end":{"line":292,"column":7}},"292":{"start":{"line":293,"column":0},"end":{"line":293,"column":61}},"293":{"start":{"line":294,"column":0},"end":{"line":294,"column":30}},"294":{"start":{"line":295,"column":0},"end":{"line":295,"column":7}},"295":{"start":{"line":296,"column":0},"end":{"line":296,"column":40}},"297":{"start":{"line":298,"column":0},"end":{"line":298,"column":55}},"298":{"start":{"line":299,"column":0},"end":{"line":299,"column":11}},"299":{"start":{"line":300,"column":0},"end":{"line":300,"column":13}},"300":{"start":{"line":301,"column":0},"end":{"line":301,"column":3}},"301":{"start":{"line":302,"column":0},"end":{"line":302,"column":1}},"303":{"start":{"line":304,"column":0},"end":{"line":304,"column":83}},"304":{"start":{"line":305,"column":0},"end":{"line":305,"column":33}},"305":{"start":{"line":306,"column":0},"end":{"line":306,"column":21}},"306":{"start":{"line":307,"column":0},"end":{"line":307,"column":38}},"307":{"start":{"line":308,"column":0},"end":{"line":308,"column":37}},"308":{"start":{"line":309,"column":0},"end":{"line":309,"column":57}},"309":{"start":{"line":310,"column":0},"end":{"line":310,"column":41}},"314":{"start":{"line":315,"column":0},"end":{"line":315,"column":65}},"315":{"start":{"line":316,"column":0},"end":{"line":316,"column":7}},"316":{"start":{"line":317,"column":0},"end":{"line":317,"column":21}},"317":{"start":{"line":318,"column":0},"end":{"line":318,"column":6}},"318":{"start":{"line":319,"column":0},"end":{"line":319,"column":5}},"319":{"start":{"line":320,"column":0},"end":{"line":320,"column":46}},"320":{"start":{"line":321,"column":0},"end":{"line":321,"column":81}},"321":{"start":{"line":322,"column":0},"end":{"line":322,"column":5}},"322":{"start":{"line":323,"column":0},"end":{"line":323,"column":4}},"323":{"start":{"line":324,"column":0},"end":{"line":324,"column":1}}},"s":{"0":1,"41":1,"49":1,"50":4,"51":4,"52":4,"53":2,"54":2,"55":1,"56":1,"57":1,"58":1,"59":1,"60":4,"61":1,"62":1,"63":1,"64":1,"67":3,"68":3,"69":3,"70":3,"71":3,"72":3,"73":3,"74":3,"76":3,"78":3,"84":3,"85":4,"86":4,"87":3,"88":4,"90":3,"91":3,"95":2,"96":2,"97":2,"98":2,"99":2,"100":2,"101":2,"103":2,"104":2,"105":2,"107":0,"108":0,"109":3,"111":4,"112":4,"113":4,"114":1,"115":1,"116":1,"117":1,"126":4,"129":4,"130":4,"131":4,"141":4,"146":4,"147":4,"148":1,"149":1,"151":3,"152":3,"153":0,"154":0,"155":3,"158":0,"159":0,"161":4,"162":3,"163":1,"164":1,"165":1,"166":1,"167":1,"169":2,"170":2,"171":2,"172":2,"173":2,"174":2,"175":2,"180":2,"181":2,"183":2,"184":2,"186":2,"188":2,"189":2,"190":2,"191":2,"192":2,"193":2,"194":2,"195":2,"196":2,"197":2,"198":2,"199":2,"200":2,"201":2,"205":0,"206":0,"207":2,"214":2,"215":2,"216":2,"217":2,"219":2,"220":2,"221":2,"222":2,"223":2,"224":2,"225":2,"227":2,"228":3,"229":0,"230":0,"231":0,"232":0,"233":0,"234":0,"236":0,"237":0,"238":0,"239":0,"240":0,"241":0,"242":0,"244":0,"245":0,"246":4,"255":3,"256":3,"257":3,"258":3,"259":3,"262":0,"263":0,"264":0,"265":0,"266":0,"267":0,"268":0,"269":0,"270":0,"271":0,"272":0,"273":0,"274":0,"275":0,"276":0,"278":1,"279":1,"280":1,"281":1,"282":1,"283":1,"290":0,"291":0,"292":0,"293":0,"294":0,"295":0,"297":0,"298":0,"299":0,"300":0,"301":0,"303":1,"304":0,"305":0,"306":0,"307":0,"308":0,"309":0,"314":0,"315":0,"316":0,"317":0,"318":0,"319":0,"320":0,"321":0,"322":0,"323":0},"branchMap":{"0":{"type":"branch","line":50,"loc":{"start":{"line":50,"column":7},"end":{"line":65,"column":1}},"locations":[{"start":{"line":50,"column":7},"end":{"line":65,"column":1}}]},"1":{"type":"branch","line":52,"loc":{"start":{"line":52,"column":29},"end":{"line":52,"column":46}},"locations":[{"start":{"line":52,"column":29},"end":{"line":52,"column":46}}]},"2":{"type":"branch","line":52,"loc":{"start":{"line":52,"column":36},"end":{"line":53,"column":34}},"locations":[{"start":{"line":52,"column":36},"end":{"line":53,"column":34}}]},"3":{"type":"branch","line":53,"loc":{"start":{"line":53,"column":29},"end":{"line":53,"column":58}},"locations":[{"start":{"line":53,"column":29},"end":{"line":53,"column":58}}]},"4":{"type":"branch","line":53,"loc":{"start":{"line":53,"column":58},"end":{"line":53,"column":80}},"locations":[{"start":{"line":53,"column":58},"end":{"line":53,"column":80}}]},"5":{"type":"branch","line":53,"loc":{"start":{"line":53,"column":65},"end":{"line":55,"column":27}},"locations":[{"start":{"line":53,"column":65},"end":{"line":55,"column":27}}]},"6":{"type":"branch","line":55,"loc":{"start":{"line":55,"column":23},"end":{"line":56,"column":33}},"locations":[{"start":{"line":55,"column":23},"end":{"line":56,"column":33}}]},"7":{"type":"branch","line":56,"loc":{"start":{"line":56,"column":29},"end":{"line":57,"column":33}},"locations":[{"start":{"line":56,"column":29},"end":{"line":57,"column":33}}]},"8":{"type":"branch","line":57,"loc":{"start":{"line":57,"column":29},"end":{"line":58,"column":30}},"locations":[{"start":{"line":57,"column":29},"end":{"line":58,"column":30}}]},"9":{"type":"branch","line":58,"loc":{"start":{"line":58,"column":26},"end":{"line":59,"column":30}},"locations":[{"start":{"line":58,"column":26},"end":{"line":59,"column":30}}]},"10":{"type":"branch","line":59,"loc":{"start":{"line":59,"column":26},"end":{"line":60,"column":32}},"locations":[{"start":{"line":59,"column":26},"end":{"line":60,"column":32}}]},"11":{"type":"branch","line":61,"loc":{"start":{"line":61,"column":4},"end":{"line":65,"column":1}},"locations":[{"start":{"line":61,"column":4},"end":{"line":65,"column":1}}]},"12":{"type":"branch","line":68,"loc":{"start":{"line":68,"column":0},"end":{"line":110,"column":1}},"locations":[{"start":{"line":68,"column":0},"end":{"line":110,"column":1}}]},"13":{"type":"branch","line":77,"loc":{"start":{"line":77,"column":33},"end":{"line":77,"column":45}},"locations":[{"start":{"line":77,"column":33},"end":{"line":77,"column":45}}]},"14":{"type":"branch","line":92,"loc":{"start":{"line":92,"column":18},"end":{"line":92,"column":30}},"locations":[{"start":{"line":92,"column":18},"end":{"line":92,"column":30}}]},"15":{"type":"branch","line":92,"loc":{"start":{"line":92,"column":25},"end":{"line":106,"column":5}},"locations":[{"start":{"line":92,"column":25},"end":{"line":106,"column":5}}]},"16":{"type":"branch","line":106,"loc":{"start":{"line":106,"column":4},"end":{"line":109,"column":3}},"locations":[{"start":{"line":106,"column":4},"end":{"line":109,"column":3}}]},"17":{"type":"branch","line":85,"loc":{"start":{"line":85,"column":21},"end":{"line":89,"column":6}},"locations":[{"start":{"line":85,"column":21},"end":{"line":89,"column":6}}]},"18":{"type":"branch","line":86,"loc":{"start":{"line":86,"column":41},"end":{"line":86,"column":53}},"locations":[{"start":{"line":86,"column":41},"end":{"line":86,"column":53}}]},"19":{"type":"branch","line":87,"loc":{"start":{"line":87,"column":59},"end":{"line":87,"column":71}},"locations":[{"start":{"line":87,"column":59},"end":{"line":87,"column":71}}]},"20":{"type":"branch","line":87,"loc":{"start":{"line":87,"column":66},"end":{"line":88,"column":46}},"locations":[{"start":{"line":87,"column":66},"end":{"line":88,"column":46}}]},"21":{"type":"branch","line":112,"loc":{"start":{"line":112,"column":0},"end":{"line":118,"column":1}},"locations":[{"start":{"line":112,"column":0},"end":{"line":118,"column":1}}]},"22":{"type":"branch","line":114,"loc":{"start":{"line":114,"column":16},"end":{"line":118,"column":1}},"locations":[{"start":{"line":114,"column":16},"end":{"line":118,"column":1}}]},"23":{"type":"branch","line":114,"loc":{"start":{"line":114,"column":23},"end":{"line":118,"column":1}},"locations":[{"start":{"line":114,"column":23},"end":{"line":118,"column":1}}]},"24":{"type":"branch","line":127,"loc":{"start":{"line":127,"column":0},"end":{"line":132,"column":1}},"locations":[{"start":{"line":127,"column":0},"end":{"line":132,"column":1}}]},"25":{"type":"branch","line":142,"loc":{"start":{"line":142,"column":0},"end":{"line":247,"column":1}},"locations":[{"start":{"line":142,"column":0},"end":{"line":247,"column":1}}]},"26":{"type":"branch","line":148,"loc":{"start":{"line":148,"column":23},"end":{"line":150,"column":3}},"locations":[{"start":{"line":148,"column":23},"end":{"line":150,"column":3}}]},"27":{"type":"branch","line":150,"loc":{"start":{"line":150,"column":2},"end":{"line":162,"column":99}},"locations":[{"start":{"line":150,"column":2},"end":{"line":162,"column":99}}]},"28":{"type":"branch","line":153,"loc":{"start":{"line":153,"column":16},"end":{"line":155,"column":3}},"locations":[{"start":{"line":153,"column":16},"end":{"line":155,"column":3}}]},"29":{"type":"branch","line":156,"loc":{"start":{"line":156,"column":37},"end":{"line":160,"column":3}},"locations":[{"start":{"line":156,"column":37},"end":{"line":160,"column":3}}]},"30":{"type":"branch","line":162,"loc":{"start":{"line":162,"column":40},"end":{"line":162,"column":99}},"locations":[{"start":{"line":162,"column":40},"end":{"line":162,"column":99}}]},"31":{"type":"branch","line":162,"loc":{"start":{"line":162,"column":99},"end":{"line":246,"column":3}},"locations":[{"start":{"line":162,"column":99},"end":{"line":246,"column":3}}]},"32":{"type":"branch","line":163,"loc":{"start":{"line":163,"column":14},"end":{"line":168,"column":3}},"locations":[{"start":{"line":163,"column":14},"end":{"line":168,"column":3}}]},"33":{"type":"branch","line":168,"loc":{"start":{"line":168,"column":2},"end":{"line":229,"column":11}},"locations":[{"start":{"line":168,"column":2},"end":{"line":229,"column":11}}]},"34":{"type":"branch","line":229,"loc":{"start":{"line":229,"column":2},"end":{"line":246,"column":3}},"locations":[{"start":{"line":229,"column":2},"end":{"line":246,"column":3}}]},"35":{"type":"branch","line":189,"loc":{"start":{"line":189,"column":30},"end":{"line":208,"column":5}},"locations":[{"start":{"line":189,"column":30},"end":{"line":208,"column":5}}]},"36":{"type":"branch","line":202,"loc":{"start":{"line":202,"column":30},"end":{"line":207,"column":7}},"locations":[{"start":{"line":202,"column":30},"end":{"line":207,"column":7}}]},"37":{"type":"branch","line":256,"loc":{"start":{"line":256,"column":0},"end":{"line":260,"column":1}},"locations":[{"start":{"line":256,"column":0},"end":{"line":260,"column":1}}]},"38":{"type":"branch","line":279,"loc":{"start":{"line":279,"column":0},"end":{"line":284,"column":1}},"locations":[{"start":{"line":279,"column":0},"end":{"line":284,"column":1}}]}},"b":{"0":[4],"1":[1],"2":[3],"3":[2],"4":[1],"5":[2],"6":[1],"7":[1],"8":[1],"9":[1],"10":[1],"11":[1],"12":[3],"13":[0],"14":[1],"15":[2],"16":[0],"17":[4],"18":[0],"19":[1],"20":[3],"21":[4],"22":[3],"23":[1],"24":[4],"25":[4],"26":[1],"27":[3],"28":[0],"29":[0],"30":[0],"31":[3],"32":[1],"33":[2],"34":[0],"35":[2],"36":[0],"37":[3],"38":[1]},"fnMap":{"0":{"name":"inferSecretTypeFromRule","decl":{"start":{"line":50,"column":7},"end":{"line":65,"column":1}},"loc":{"start":{"line":50,"column":7},"end":{"line":65,"column":1}},"line":50},"1":{"name":"pickFlaggingToken","decl":{"start":{"line":68,"column":0},"end":{"line":110,"column":1}},"loc":{"start":{"line":68,"column":0},"end":{"line":110,"column":1}},"line":68},"2":{"name":"isUsable","decl":{"start":{"line":85,"column":21},"end":{"line":89,"column":6}},"loc":{"start":{"line":85,"column":21},"end":{"line":89,"column":6}},"line":85},"3":{"name":"getOrCreateDefaultTemplate","decl":{"start":{"line":112,"column":0},"end":{"line":118,"column":1}},"loc":{"start":{"line":112,"column":0},"end":{"line":118,"column":1}},"line":112},"4":{"name":"resolveTemplateForFinding","decl":{"start":{"line":127,"column":0},"end":{"line":132,"column":1}},"loc":{"start":{"line":127,"column":0},"end":{"line":132,"column":1}},"line":127},"5":{"name":"runFlagForFinding","decl":{"start":{"line":142,"column":0},"end":{"line":247,"column":1}},"loc":{"start":{"line":142,"column":0},"end":{"line":247,"column":1}},"line":142},"6":{"name":"recordAuditEvent","decl":{"start":{"line":256,"column":0},"end":{"line":260,"column":1}},"loc":{"start":{"line":256,"column":0},"end":{"line":260,"column":1}},"line":256},"7":{"name":"toFailureReason","decl":{"start":{"line":263,"column":0},"end":{"line":277,"column":1}},"loc":{"start":{"line":263,"column":0},"end":{"line":277,"column":1}},"line":263},"8":{"name":"markFailed","decl":{"start":{"line":279,"column":0},"end":{"line":284,"column":1}},"loc":{"start":{"line":279,"column":0},"end":{"line":284,"column":1}},"line":279},"9":{"name":"computeFlaggerConcurrency","decl":{"start":{"line":291,"column":0},"end":{"line":302,"column":1}},"loc":{"start":{"line":291,"column":0},"end":{"line":302,"column":1}},"line":291},"10":{"name":"createFlaggerWorker","decl":{"start":{"line":304,"column":7},"end":{"line":324,"column":1}},"loc":{"start":{"line":304,"column":7},"end":{"line":324,"column":1}},"line":304}},"f":{"0":4,"1":3,"2":4,"3":4,"4":4,"5":4,"6":3,"7":0,"8":1,"9":0,"10":0}}
,"G:\\SecretWatch\\apps\\worker\\src\\github-client.ts": {"path":"G:\\SecretWatch\\apps\\worker\\src\\github-client.ts","all":false,"statementMap":{"0":{"start":{"line":1,"column":0},"end":{"line":1,"column":40}},"12":{"start":{"line":13,"column":0},"end":{"line":13,"column":43}},"13":{"start":{"line":14,"column":0},"end":{"line":14,"column":64}},"14":{"start":{"line":15,"column":0},"end":{"line":15,"column":19}},"15":{"start":{"line":16,"column":0},"end":{"line":16,"column":33}},"16":{"start":{"line":17,"column":0},"end":{"line":17,"column":3}},"17":{"start":{"line":18,"column":0},"end":{"line":18,"column":1}},"22":{"start":{"line":23,"column":0},"end":{"line":23,"column":115}},"23":{"start":{"line":24,"column":0},"end":{"line":24,"column":23}},"25":{"start":{"line":26,"column":0},"end":{"line":26,"column":59}},"26":{"start":{"line":27,"column":0},"end":{"line":27,"column":51}},"28":{"start":{"line":29,"column":0},"end":{"line":29,"column":76}},"30":{"start":{"line":31,"column":0},"end":{"line":31,"column":66}},"31":{"start":{"line":32,"column":0},"end":{"line":32,"column":60}},"32":{"start":{"line":33,"column":0},"end":{"line":33,"column":28}},"33":{"start":{"line":34,"column":0},"end":{"line":34,"column":42}},"34":{"start":{"line":35,"column":0},"end":{"line":35,"column":5}},"35":{"start":{"line":36,"column":0},"end":{"line":36,"column":3}},"37":{"start":{"line":38,"column":0},"end":{"line":38,"column":58}},"38":{"start":{"line":39,"column":0},"end":{"line":39,"column":59}},"39":{"start":{"line":40,"column":0},"end":{"line":40,"column":31}},"40":{"start":{"line":41,"column":0},"end":{"line":41,"column":60}},"41":{"start":{"line":42,"column":0},"end":{"line":42,"column":5}},"42":{"start":{"line":43,"column":0},"end":{"line":43,"column":3}},"44":{"start":{"line":45,"column":0},"end":{"line":45,"column":37}},"45":{"start":{"line":46,"column":0},"end":{"line":46,"column":9}},"46":{"start":{"line":47,"column":0},"end":{"line":47,"column":39}},"47":{"start":{"line":48,"column":0},"end":{"line":48,"column":31}},"48":{"start":{"line":49,"column":0},"end":{"line":49,"column":13}},"49":{"start":{"line":50,"column":0},"end":{"line":50,"column":9}},"50":{"start":{"line":51,"column":0},"end":{"line":51,"column":19}},"51":{"start":{"line":52,"column":0},"end":{"line":52,"column":94}},"52":{"start":{"line":53,"column":0},"end":{"line":53,"column":5}},"53":{"start":{"line":54,"column":0},"end":{"line":54,"column":3}},"54":{"start":{"line":55,"column":0},"end":{"line":55,"column":1}},"76":{"start":{"line":77,"column":0},"end":{"line":77,"column":31}},"117":{"start":{"line":118,"column":0},"end":{"line":118,"column":32}},"118":{"start":{"line":119,"column":0},"end":{"line":119,"column":37}},"121":{"start":{"line":122,"column":0},"end":{"line":122,"column":14}},"122":{"start":{"line":123,"column":0},"end":{"line":123,"column":38}},"123":{"start":{"line":124,"column":0},"end":{"line":124,"column":38}},"124":{"start":{"line":125,"column":0},"end":{"line":125,"column":5}},"125":{"start":{"line":126,"column":0},"end":{"line":126,"column":39}},"126":{"start":{"line":127,"column":0},"end":{"line":127,"column":3}},"128":{"start":{"line":129,"column":0},"end":{"line":129,"column":29}},"129":{"start":{"line":130,"column":0},"end":{"line":130,"column":22}},"131":{"start":{"line":132,"column":0},"end":{"line":132,"column":65}},"132":{"start":{"line":133,"column":0},"end":{"line":133,"column":48}},"133":{"start":{"line":134,"column":0},"end":{"line":134,"column":24}},"134":{"start":{"line":135,"column":0},"end":{"line":135,"column":35}},"135":{"start":{"line":136,"column":0},"end":{"line":136,"column":9}},"136":{"start":{"line":137,"column":0},"end":{"line":137,"column":5}},"137":{"start":{"line":138,"column":0},"end":{"line":138,"column":22}},"138":{"start":{"line":139,"column":0},"end":{"line":139,"column":3}},"140":{"start":{"line":141,"column":0},"end":{"line":141,"column":34}},"141":{"start":{"line":142,"column":0},"end":{"line":142,"column":34}},"142":{"start":{"line":143,"column":0},"end":{"line":143,"column":18}},"143":{"start":{"line":144,"column":0},"end":{"line":144,"column":29}},"146":{"start":{"line":147,"column":0},"end":{"line":147,"column":55}},"147":{"start":{"line":148,"column":0},"end":{"line":148,"column":34}},"148":{"start":{"line":149,"column":0},"end":{"line":149,"column":30}},"149":{"start":{"line":150,"column":0},"end":{"line":150,"column":29}},"150":{"start":{"line":151,"column":0},"end":{"line":151,"column":36}},"151":{"start":{"line":152,"column":0},"end":{"line":152,"column":23}},"152":{"start":{"line":153,"column":0},"end":{"line":153,"column":12}},"153":{"start":{"line":154,"column":0},"end":{"line":154,"column":32}},"154":{"start":{"line":155,"column":0},"end":{"line":155,"column":8}},"156":{"start":{"line":157,"column":0},"end":{"line":157,"column":25}},"157":{"start":{"line":158,"column":0},"end":{"line":158,"column":15}},"158":{"start":{"line":159,"column":0},"end":{"line":159,"column":14}},"159":{"start":{"line":160,"column":0},"end":{"line":160,"column":70}},"160":{"start":{"line":161,"column":0},"end":{"line":161,"column":68}},"161":{"start":{"line":162,"column":0},"end":{"line":162,"column":7}},"162":{"start":{"line":163,"column":0},"end":{"line":163,"column":5}},"163":{"start":{"line":164,"column":0},"end":{"line":164,"column":3}},"166":{"start":{"line":167,"column":0},"end":{"line":167,"column":37}},"167":{"start":{"line":168,"column":0},"end":{"line":168,"column":21}},"168":{"start":{"line":169,"column":0},"end":{"line":169,"column":30}},"169":{"start":{"line":170,"column":0},"end":{"line":170,"column":24}},"170":{"start":{"line":171,"column":0},"end":{"line":171,"column":5}},"171":{"start":{"line":172,"column":0},"end":{"line":172,"column":3}},"172":{"start":{"line":173,"column":0},"end":{"line":173,"column":1}},"174":{"start":{"line":175,"column":0},"end":{"line":175,"column":57}},"180":{"start":{"line":181,"column":0},"end":{"line":181,"column":42}},"181":{"start":{"line":182,"column":0},"end":{"line":182,"column":25}},"182":{"start":{"line":183,"column":0},"end":{"line":183,"column":18}},"183":{"start":{"line":184,"column":0},"end":{"line":184,"column":38}},"184":{"start":{"line":185,"column":0},"end":{"line":185,"column":15}},"185":{"start":{"line":186,"column":0},"end":{"line":186,"column":40}},"186":{"start":{"line":187,"column":0},"end":{"line":187,"column":47}},"188":{"start":{"line":189,"column":0},"end":{"line":189,"column":53}},"189":{"start":{"line":190,"column":0},"end":{"line":190,"column":28}},"190":{"start":{"line":191,"column":0},"end":{"line":191,"column":114}},"191":{"start":{"line":192,"column":0},"end":{"line":192,"column":5}},"192":{"start":{"line":193,"column":0},"end":{"line":193,"column":5}},"194":{"start":{"line":195,"column":0},"end":{"line":195,"column":50}},"195":{"start":{"line":196,"column":0},"end":{"line":196,"column":43}},"196":{"start":{"line":197,"column":0},"end":{"line":197,"column":129}},"197":{"start":{"line":198,"column":0},"end":{"line":198,"column":5}},"198":{"start":{"line":199,"column":0},"end":{"line":199,"column":16}},"199":{"start":{"line":200,"column":0},"end":{"line":200,"column":5}},"201":{"start":{"line":202,"column":0},"end":{"line":202,"column":7}},"202":{"start":{"line":203,"column":0},"end":{"line":203,"column":29}},"203":{"start":{"line":204,"column":0},"end":{"line":204,"column":13}},"206":{"start":{"line":207,"column":0},"end":{"line":207,"column":3}},"207":{"start":{"line":208,"column":0},"end":{"line":208,"column":1}},"215":{"start":{"line":216,"column":0},"end":{"line":216,"column":33}},"216":{"start":{"line":217,"column":0},"end":{"line":217,"column":25}},"217":{"start":{"line":218,"column":0},"end":{"line":218,"column":18}},"218":{"start":{"line":219,"column":0},"end":{"line":219,"column":16}},"219":{"start":{"line":220,"column":0},"end":{"line":220,"column":11}},"220":{"start":{"line":221,"column":0},"end":{"line":221,"column":14}},"221":{"start":{"line":222,"column":0},"end":{"line":222,"column":32}},"222":{"start":{"line":223,"column":0},"end":{"line":223,"column":36}},"224":{"start":{"line":225,"column":0},"end":{"line":225,"column":71}},"225":{"start":{"line":226,"column":0},"end":{"line":226,"column":53}},"226":{"start":{"line":227,"column":0},"end":{"line":227,"column":15}},"227":{"start":{"line":228,"column":0},"end":{"line":228,"column":11}},"228":{"start":{"line":229,"column":0},"end":{"line":229,"column":24}},"231":{"start":{"line":232,"column":0},"end":{"line":232,"column":71}},"232":{"start":{"line":233,"column":0},"end":{"line":233,"column":7}},"236":{"start":{"line":237,"column":0},"end":{"line":237,"column":62}},"237":{"start":{"line":238,"column":0},"end":{"line":238,"column":114}},"238":{"start":{"line":239,"column":0},"end":{"line":239,"column":14}},"239":{"start":{"line":240,"column":0},"end":{"line":240,"column":49}},"240":{"start":{"line":241,"column":0},"end":{"line":241,"column":28}},"241":{"start":{"line":242,"column":0},"end":{"line":242,"column":22}},"242":{"start":{"line":243,"column":0},"end":{"line":243,"column":76}},"243":{"start":{"line":244,"column":0},"end":{"line":244,"column":31}},"244":{"start":{"line":245,"column":0},"end":{"line":245,"column":8}},"245":{"start":{"line":246,"column":0},"end":{"line":246,"column":7}},"246":{"start":{"line":247,"column":0},"end":{"line":247,"column":5}},"247":{"start":{"line":248,"column":0},"end":{"line":248,"column":1}},"264":{"start":{"line":265,"column":0},"end":{"line":265,"column":40}},"265":{"start":{"line":266,"column":0},"end":{"line":266,"column":25}},"266":{"start":{"line":267,"column":0},"end":{"line":267,"column":18}},"267":{"start":{"line":268,"column":0},"end":{"line":268,"column":16}},"268":{"start":{"line":269,"column":0},"end":{"line":269,"column":15}},"269":{"start":{"line":270,"column":0},"end":{"line":270,"column":16}},"270":{"start":{"line":271,"column":0},"end":{"line":271,"column":14}},"271":{"start":{"line":272,"column":0},"end":{"line":272,"column":26}},"272":{"start":{"line":273,"column":0},"end":{"line":273,"column":71}},"273":{"start":{"line":274,"column":0},"end":{"line":274,"column":9}},"274":{"start":{"line":275,"column":0},"end":{"line":275,"column":86}},"275":{"start":{"line":276,"column":0},"end":{"line":276,"column":79}},"276":{"start":{"line":277,"column":0},"end":{"line":277,"column":28}},"277":{"start":{"line":278,"column":0},"end":{"line":278,"column":40}},"278":{"start":{"line":279,"column":0},"end":{"line":279,"column":93}},"279":{"start":{"line":280,"column":0},"end":{"line":280,"column":5}},"280":{"start":{"line":281,"column":0},"end":{"line":281,"column":5}},"281":{"start":{"line":282,"column":0},"end":{"line":282,"column":1}},"283":{"start":{"line":284,"column":0},"end":{"line":284,"column":46}},"284":{"start":{"line":285,"column":0},"end":{"line":285,"column":67}},"285":{"start":{"line":286,"column":0},"end":{"line":286,"column":56}},"286":{"start":{"line":287,"column":0},"end":{"line":287,"column":50}},"287":{"start":{"line":288,"column":0},"end":{"line":288,"column":3}},"288":{"start":{"line":289,"column":0},"end":{"line":289,"column":13}},"289":{"start":{"line":290,"column":0},"end":{"line":290,"column":1}}},"s":{"0":1,"12":1,"13":1,"14":0,"15":0,"16":0,"17":1,"22":0,"23":0,"25":0,"26":0,"28":0,"30":0,"31":0,"32":0,"33":0,"34":0,"35":0,"37":0,"38":0,"39":0,"40":0,"41":0,"42":0,"44":0,"45":0,"46":0,"47":0,"48":0,"49":0,"50":0,"51":0,"52":0,"53":0,"54":0,"76":1,"117":1,"118":1,"121":1,"122":5,"123":5,"124":5,"125":5,"126":5,"128":1,"129":0,"131":0,"132":0,"133":0,"134":0,"135":0,"136":0,"137":0,"138":0,"140":1,"141":0,"142":0,"143":0,"146":0,"147":0,"148":0,"149":0,"150":0,"151":0,"152":0,"153":0,"154":0,"156":0,"157":0,"158":0,"159":0,"160":0,"161":0,"162":0,"163":0,"166":1,"167":0,"168":0,"169":0,"170":0,"171":0,"172":1,"174":1,"180":0,"181":0,"182":0,"183":0,"184":0,"185":0,"186":0,"188":0,"189":0,"190":0,"191":0,"192":0,"194":0,"195":0,"196":0,"197":0,"198":0,"199":0,"201":0,"202":0,"203":0,"206":0,"207":0,"215":0,"216":0,"217":0,"218":0,"219":0,"220":0,"221":0,"222":0,"224":0,"225":0,"226":0,"227":0,"228":0,"231":0,"232":0,"236":0,"237":0,"238":0,"239":0,"240":0,"241":0,"242":0,"243":0,"244":0,"245":0,"246":0,"247":0,"264":0,"265":0,"266":0,"267":0,"268":0,"269":0,"270":0,"271":0,"272":0,"273":0,"274":0,"275":0,"276":0,"277":0,"278":0,"279":0,"280":0,"281":0,"283":0,"284":0,"285":0,"286":0,"287":0,"288":0,"289":0},"branchMap":{"0":{"type":"branch","line":122,"loc":{"start":{"line":122,"column":2},"end":{"line":127,"column":3}},"locations":[{"start":{"line":122,"column":2},"end":{"line":127,"column":3}}]}},"b":{"0":[5]},"fnMap":{"0":{"name":"GithubApiError","decl":{"start":{"line":14,"column":2},"end":{"line":17,"column":3}},"loc":{"start":{"line":14,"column":2},"end":{"line":17,"column":3}},"line":14},"1":{"name":"updateRateLimitsFromHeaders","decl":{"start":{"line":23,"column":0},"end":{"line":55,"column":1}},"loc":{"start":{"line":23,"column":0},"end":{"line":55,"column":1}},"line":23},"2":{"name":"SearchRateLimiter","decl":{"start":{"line":122,"column":2},"end":{"line":127,"column":3}},"loc":{"start":{"line":122,"column":2},"end":{"line":127,"column":3}},"line":122},"3":{"name":"getRedis","decl":{"start":{"line":129,"column":10},"end":{"line":139,"column":3}},"loc":{"start":{"line":129,"column":10},"end":{"line":139,"column":3}},"line":129},"4":{"name":"acquire","decl":{"start":{"line":141,"column":2},"end":{"line":164,"column":3}},"loc":{"start":{"line":141,"column":2},"end":{"line":164,"column":3}},"line":141},"5":{"name":"disconnect","decl":{"start":{"line":167,"column":2},"end":{"line":172,"column":3}},"loc":{"start":{"line":167,"column":2},"end":{"line":172,"column":3}},"line":167},"6":{"name":"withGithubClient","decl":{"start":{"line":181,"column":0},"end":{"line":208,"column":1}},"loc":{"start":{"line":181,"column":0},"end":{"line":208,"column":1}},"line":181},"7":{"name":"searchCode","decl":{"start":{"line":216,"column":0},"end":{"line":248,"column":1}},"loc":{"start":{"line":216,"column":0},"end":{"line":248,"column":1}},"line":216},"8":{"name":"createGithubIssue","decl":{"start":{"line":265,"column":0},"end":{"line":282,"column":1}},"loc":{"start":{"line":265,"column":0},"end":{"line":282,"column":1}},"line":265},"9":{"name":"extractStatus","decl":{"start":{"line":284,"column":0},"end":{"line":290,"column":1}},"loc":{"start":{"line":284,"column":0},"end":{"line":290,"column":1}},"line":284}},"f":{"0":0,"1":0,"2":5,"3":0,"4":0,"5":0,"6":0,"7":0,"8":0,"9":0}}
,"G:\\SecretWatch\\apps\\worker\\src\\index.ts": {"path":"G:\\SecretWatch\\apps\\worker\\src\\index.ts","all":true,"statementMap":{"0":{"start":{"line":1,"column":0},"end":{"line":1,"column":75}},"1":{"start":{"line":2,"column":0},"end":{"line":2,"column":82}},"2":{"start":{"line":3,"column":0},"end":{"line":3,"column":45}},"13":{"start":{"line":14,"column":0},"end":{"line":14,"column":23}},"14":{"start":{"line":15,"column":0},"end":{"line":15,"column":82}},"16":{"start":{"line":17,"column":0},"end":{"line":17,"column":46}},"17":{"start":{"line":18,"column":0},"end":{"line":18,"column":44}},"21":{"start":{"line":22,"column":0},"end":{"line":22,"column":69}},"22":{"start":{"line":23,"column":0},"end":{"line":23,"column":5}},"23":{"start":{"line":24,"column":0},"end":{"line":24,"column":42}},"24":{"start":{"line":25,"column":0},"end":{"line":25,"column":53}},"25":{"start":{"line":26,"column":0},"end":{"line":26,"column":5}},"27":{"start":{"line":28,"column":0},"end":{"line":28,"column":63}},"28":{"start":{"line":29,"column":0},"end":{"line":29,"column":79}},"30":{"start":{"line":31,"column":0},"end":{"line":31,"column":64}},"31":{"start":{"line":32,"column":0},"end":{"line":32,"column":44}},"33":{"start":{"line":34,"column":0},"end":{"line":34,"column":69}},"34":{"start":{"line":35,"column":0},"end":{"line":35,"column":5}},"35":{"start":{"line":36,"column":0},"end":{"line":36,"column":42}},"36":{"start":{"line":37,"column":0},"end":{"line":37,"column":53}},"37":{"start":{"line":38,"column":0},"end":{"line":38,"column":5}},"39":{"start":{"line":40,"column":0},"end":{"line":40,"column":53}},"40":{"start":{"line":41,"column":0},"end":{"line":41,"column":46}},"41":{"start":{"line":42,"column":0},"end":{"line":42,"column":71}},"42":{"start":{"line":43,"column":0},"end":{"line":43,"column":5}},"44":{"start":{"line":45,"column":0},"end":{"line":45,"column":33}},"46":{"start":{"line":47,"column":0},"end":{"line":47,"column":32}},"47":{"start":{"line":48,"column":0},"end":{"line":48,"column":45}},"48":{"start":{"line":49,"column":0},"end":{"line":49,"column":117}},"49":{"start":{"line":50,"column":0},"end":{"line":50,"column":20}},"50":{"start":{"line":51,"column":0},"end":{"line":51,"column":4}},"52":{"start":{"line":53,"column":0},"end":{"line":53,"column":33}},"53":{"start":{"line":54,"column":0},"end":{"line":54,"column":34}},"54":{"start":{"line":55,"column":0},"end":{"line":55,"column":1}},"56":{"start":{"line":57,"column":0},"end":{"line":57,"column":38}},"57":{"start":{"line":58,"column":0},"end":{"line":58,"column":25}},"58":{"start":{"line":59,"column":0},"end":{"line":59,"column":93}},"59":{"start":{"line":60,"column":0},"end":{"line":60,"column":20}},"60":{"start":{"line":61,"column":0},"end":{"line":61,"column":5}},"61":{"start":{"line":62,"column":0},"end":{"line":62,"column":1}}},"s":{"0":0,"1":0,"2":0,"13":0,"14":0,"16":0,"17":0,"21":0,"22":0,"23":0,"24":0,"25":0,"27":0,"28":0,"30":0,"31":0,"33":0,"34":0,"35":0,"36":0,"37":0,"39":0,"40":0,"41":0,"42":0,"44":0,"46":0,"47":0,"48":0,"49":0,"50":0,"52":0,"53":0,"54":0,"56":0,"57":0,"58":0,"59":0,"60":0,"61":0},"branchMap":{"0":{"type":"branch","line":1,"loc":{"start":{"line":1,"column":2411},"end":{"line":62,"column":1}},"locations":[{"start":{"line":1,"column":2411},"end":{"line":62,"column":1}}]}},"b":{"0":[0]},"fnMap":{"0":{"name":"(empty-report)","decl":{"start":{"line":1,"column":2411},"end":{"line":62,"column":1}},"loc":{"start":{"line":1,"column":2411},"end":{"line":62,"column":1}},"line":1}},"f":{"0":0}}
,"G:\\SecretWatch\\apps\\worker\\src\\repo-filters.ts": {"path":"G:\\SecretWatch\\apps\\worker\\src\\repo-filters.ts","all":false,"statementMap":{"0":{"start":{"line":1,"column":0},"end":{"line":1,"column":30}},"9":{"start":{"line":10,"column":0},"end":{"line":10,"column":40}},"16":{"start":{"line":17,"column":0},"end":{"line":17,"column":45}},"17":{"start":{"line":18,"column":0},"end":{"line":18,"column":64}},"19":{"start":{"line":20,"column":0},"end":{"line":20,"column":73}},"20":{"start":{"line":21,"column":0},"end":{"line":21,"column":25}},"22":{"start":{"line":23,"column":0},"end":{"line":23,"column":78}},"23":{"start":{"line":24,"column":0},"end":{"line":24,"column":31}},"24":{"start":{"line":25,"column":0},"end":{"line":25,"column":3}},"27":{"start":{"line":28,"column":0},"end":{"line":28,"column":28}},"28":{"start":{"line":29,"column":0},"end":{"line":29,"column":39}},"29":{"start":{"line":30,"column":0},"end":{"line":30,"column":11}},"30":{"start":{"line":31,"column":0},"end":{"line":31,"column":82}},"31":{"start":{"line":32,"column":0},"end":{"line":32,"column":35}},"32":{"start":{"line":33,"column":0},"end":{"line":33,"column":73}},"33":{"start":{"line":34,"column":0},"end":{"line":34,"column":11}},"35":{"start":{"line":36,"column":0},"end":{"line":36,"column":23}},"36":{"start":{"line":37,"column":0},"end":{"line":37,"column":18}},"37":{"start":{"line":38,"column":0},"end":{"line":38,"column":32}},"38":{"start":{"line":39,"column":0},"end":{"line":39,"column":10}},"40":{"start":{"line":41,"column":0},"end":{"line":41,"column":23}},"41":{"start":{"line":42,"column":0},"end":{"line":42,"column":21}},"43":{"start":{"line":44,"column":0},"end":{"line":44,"column":26}},"44":{"start":{"line":45,"column":0},"end":{"line":45,"column":92}},"45":{"start":{"line":46,"column":0},"end":{"line":46,"column":37}},"46":{"start":{"line":47,"column":0},"end":{"line":47,"column":9}},"47":{"start":{"line":48,"column":0},"end":{"line":48,"column":18}},"48":{"start":{"line":49,"column":0},"end":{"line":49,"column":17}},"49":{"start":{"line":50,"column":0},"end":{"line":50,"column":34}},"50":{"start":{"line":51,"column":0},"end":{"line":51,"column":7}},"51":{"start":{"line":52,"column":0},"end":{"line":52,"column":9}},"52":{"start":{"line":53,"column":0},"end":{"line":53,"column":3}},"54":{"start":{"line":55,"column":0},"end":{"line":55,"column":28}},"55":{"start":{"line":56,"column":0},"end":{"line":56,"column":1}},"57":{"start":{"line":58,"column":0},"end":{"line":58,"column":47}},"58":{"start":{"line":59,"column":0},"end":{"line":59,"column":21}},"59":{"start":{"line":60,"column":0},"end":{"line":60,"column":28}},"60":{"start":{"line":61,"column":0},"end":{"line":61,"column":1}}},"s":{"0":1,"9":1,"16":1,"17":1,"19":9,"20":9,"22":9,"23":1,"24":1,"27":9,"28":6,"29":6,"30":6,"31":6,"32":6,"33":6,"35":6,"36":6,"37":6,"38":6,"40":6,"41":6,"43":0,"44":0,"45":0,"46":0,"47":0,"48":6,"49":6,"50":6,"51":6,"52":6,"54":8,"55":8,"57":1,"58":7,"59":7,"60":7},"branchMap":{"0":{"type":"branch","line":20,"loc":{"start":{"line":20,"column":0},"end":{"line":56,"column":1}},"locations":[{"start":{"line":20,"column":0},"end":{"line":56,"column":1}}]},"1":{"type":"branch","line":23,"loc":{"start":{"line":23,"column":6},"end":{"line":23,"column":77}},"locations":[{"start":{"line":23,"column":6},"end":{"line":23,"column":77}}]},"2":{"type":"branch","line":23,"loc":{"start":{"line":23,"column":77},"end":{"line":25,"column":3}},"locations":[{"start":{"line":23,"column":77},"end":{"line":25,"column":3}}]},"3":{"type":"branch","line":25,"loc":{"start":{"line":25,"column":2},"end":{"line":28,"column":27}},"locations":[{"start":{"line":25,"column":2},"end":{"line":28,"column":27}}]},"4":{"type":"branch","line":28,"loc":{"start":{"line":28,"column":27},"end":{"line":53,"column":3}},"locations":[{"start":{"line":28,"column":27},"end":{"line":53,"column":3}}]},"5":{"type":"branch","line":53,"loc":{"start":{"line":53,"column":2},"end":{"line":56,"column":1}},"locations":[{"start":{"line":53,"column":2},"end":{"line":56,"column":1}}]},"6":{"type":"branch","line":29,"loc":{"start":{"line":29,"column":26},"end":{"line":52,"column":7}},"locations":[{"start":{"line":29,"column":26},"end":{"line":52,"column":7}}]},"7":{"type":"branch","line":42,"loc":{"start":{"line":42,"column":6},"end":{"line":49,"column":8}},"locations":[{"start":{"line":42,"column":6},"end":{"line":49,"column":8}}]},"8":{"type":"branch","line":58,"loc":{"start":{"line":58,"column":7},"end":{"line":61,"column":1}},"locations":[{"start":{"line":58,"column":7},"end":{"line":61,"column":1}}]}},"b":{"0":[9],"1":[1],"2":[1],"3":[8],"4":[6],"5":[8],"6":[6],"7":[0],"8":[7]},"fnMap":{"0":{"name":"getActiveRepoFilters","decl":{"start":{"line":20,"column":0},"end":{"line":56,"column":1}},"loc":{"start":{"line":20,"column":0},"end":{"line":56,"column":1}},"line":20},"1":{"name":"clearRepoFiltersCache","decl":{"start":{"line":58,"column":7},"end":{"line":61,"column":1}},"loc":{"start":{"line":58,"column":7},"end":{"line":61,"column":1}},"line":58}},"f":{"0":9,"1":7}}
,"G:\\SecretWatch\\apps\\worker\\src\\scanner.worker.ts": {"path":"G:\\SecretWatch\\apps\\worker\\src\\scanner.worker.ts","all":false,"statementMap":{"0":{"start":{"line":1,"column":0},"end":{"line":1,"column":36}},"33":{"start":{"line":34,"column":0},"end":{"line":34,"column":36}},"36":{"start":{"line":37,"column":0},"end":{"line":37,"column":43}},"37":{"start":{"line":38,"column":0},"end":{"line":38,"column":68}},"38":{"start":{"line":39,"column":0},"end":{"line":39,"column":38}},"39":{"start":{"line":40,"column":0},"end":{"line":40,"column":1}},"42":{"start":{"line":43,"column":0},"end":{"line":43,"column":78}},"43":{"start":{"line":44,"column":0},"end":{"line":44,"column":21}},"45":{"start":{"line":46,"column":0},"end":{"line":46,"column":65}},"46":{"start":{"line":47,"column":0},"end":{"line":47,"column":49}},"47":{"start":{"line":48,"column":0},"end":{"line":48,"column":28}},"48":{"start":{"line":49,"column":0},"end":{"line":49,"column":35}},"49":{"start":{"line":50,"column":0},"end":{"line":50,"column":5}},"52":{"start":{"line":53,"column":0},"end":{"line":53,"column":70}},"53":{"start":{"line":54,"column":0},"end":{"line":54,"column":53}},"54":{"start":{"line":55,"column":0},"end":{"line":55,"column":38}},"55":{"start":{"line":56,"column":0},"end":{"line":56,"column":40}},"56":{"start":{"line":57,"column":0},"end":{"line":57,"column":5}},"57":{"start":{"line":58,"column":0},"end":{"line":58,"column":3}},"62":{"start":{"line":63,"column":0},"end":{"line":63,"column":41}},"63":{"start":{"line":64,"column":0},"end":{"line":64,"column":37}},"64":{"start":{"line":65,"column":0},"end":{"line":65,"column":54}},"65":{"start":{"line":66,"column":0},"end":{"line":66,"column":35}},"66":{"start":{"line":67,"column":0},"end":{"line":67,"column":44}},"67":{"start":{"line":68,"column":0},"end":{"line":68,"column":35}},"68":{"start":{"line":69,"column":0},"end":{"line":69,"column":52}},"69":{"start":{"line":70,"column":0},"end":{"line":70,"column":4}},"70":{"start":{"line":71,"column":0},"end":{"line":71,"column":52}},"71":{"start":{"line":72,"column":0},"end":{"line":72,"column":1}},"74":{"start":{"line":75,"column":0},"end":{"line":75,"column":34}},"75":{"start":{"line":76,"column":0},"end":{"line":76,"column":16}},"76":{"start":{"line":77,"column":0},"end":{"line":77,"column":58}},"77":{"start":{"line":78,"column":0},"end":{"line":78,"column":30}},"78":{"start":{"line":79,"column":0},"end":{"line":79,"column":37}},"79":{"start":{"line":80,"column":0},"end":{"line":80,"column":15}},"80":{"start":{"line":81,"column":0},"end":{"line":81,"column":112}},"81":{"start":{"line":82,"column":0},"end":{"line":82,"column":7}},"83":{"start":{"line":84,"column":0},"end":{"line":84,"column":45}},"85":{"start":{"line":86,"column":0},"end":{"line":86,"column":27}},"86":{"start":{"line":87,"column":0},"end":{"line":87,"column":44}},"87":{"start":{"line":88,"column":0},"end":{"line":88,"column":59}},"88":{"start":{"line":89,"column":0},"end":{"line":89,"column":73}},"89":{"start":{"line":90,"column":0},"end":{"line":90,"column":23}},"90":{"start":{"line":91,"column":0},"end":{"line":91,"column":9}},"91":{"start":{"line":92,"column":0},"end":{"line":92,"column":7}},"92":{"start":{"line":93,"column":0},"end":{"line":93,"column":18}},"93":{"start":{"line":94,"column":0},"end":{"line":94,"column":7}},"95":{"start":{"line":96,"column":0},"end":{"line":96,"column":50}},"96":{"start":{"line":97,"column":0},"end":{"line":97,"column":35}},"100":{"start":{"line":101,"column":0},"end":{"line":101,"column":56}},"101":{"start":{"line":102,"column":0},"end":{"line":102,"column":14}},"102":{"start":{"line":103,"column":0},"end":{"line":103,"column":28}},"103":{"start":{"line":104,"column":0},"end":{"line":104,"column":44}},"104":{"start":{"line":105,"column":0},"end":{"line":105,"column":21}},"105":{"start":{"line":106,"column":0},"end":{"line":106,"column":8}},"106":{"start":{"line":107,"column":0},"end":{"line":107,"column":39}},"107":{"start":{"line":108,"column":0},"end":{"line":108,"column":7}},"109":{"start":{"line":110,"column":0},"end":{"line":110,"column":27}},"110":{"start":{"line":111,"column":0},"end":{"line":111,"column":26}},"111":{"start":{"line":112,"column":0},"end":{"line":112,"column":5}},"113":{"start":{"line":114,"column":0},"end":{"line":114,"column":82}},"114":{"start":{"line":115,"column":0},"end":{"line":115,"column":3}},"115":{"start":{"line":116,"column":0},"end":{"line":116,"column":1}},"117":{"start":{"line":118,"column":0},"end":{"line":118,"column":54}},"118":{"start":{"line":119,"column":0},"end":{"line":119,"column":45}},"119":{"start":{"line":120,"column":0},"end":{"line":120,"column":25}},"120":{"start":{"line":121,"column":0},"end":{"line":121,"column":64}},"121":{"start":{"line":122,"column":0},"end":{"line":122,"column":46}},"122":{"start":{"line":123,"column":0},"end":{"line":123,"column":7}},"123":{"start":{"line":124,"column":0},"end":{"line":124,"column":3}},"124":{"start":{"line":125,"column":0},"end":{"line":125,"column":25}},"125":{"start":{"line":126,"column":0},"end":{"line":126,"column":1}},"128":{"start":{"line":129,"column":0},"end":{"line":129,"column":43}},"129":{"start":{"line":130,"column":0},"end":{"line":130,"column":13}},"130":{"start":{"line":131,"column":0},"end":{"line":131,"column":1}},"132":{"start":{"line":133,"column":0},"end":{"line":133,"column":147}},"137":{"start":{"line":138,"column":0},"end":{"line":138,"column":112}},"138":{"start":{"line":139,"column":0},"end":{"line":139,"column":24}},"139":{"start":{"line":140,"column":0},"end":{"line":140,"column":55}},"140":{"start":{"line":141,"column":0},"end":{"line":141,"column":3}},"142":{"start":{"line":143,"column":0},"end":{"line":143,"column":75}},"143":{"start":{"line":144,"column":0},"end":{"line":144,"column":31}},"144":{"start":{"line":145,"column":0},"end":{"line":145,"column":55}},"145":{"start":{"line":146,"column":0},"end":{"line":146,"column":3}},"147":{"start":{"line":148,"column":0},"end":{"line":148,"column":40}},"148":{"start":{"line":149,"column":0},"end":{"line":149,"column":15}},"152":{"start":{"line":153,"column":0},"end":{"line":153,"column":55}},"153":{"start":{"line":154,"column":0},"end":{"line":154,"column":3}},"155":{"start":{"line":156,"column":0},"end":{"line":156,"column":106}},"156":{"start":{"line":157,"column":0},"end":{"line":157,"column":57}},"158":{"start":{"line":159,"column":0},"end":{"line":159,"column":107}},"160":{"start":{"line":161,"column":0},"end":{"line":161,"column":35}},"161":{"start":{"line":162,"column":0},"end":{"line":162,"column":28}},"162":{"start":{"line":163,"column":0},"end":{"line":163,"column":37}},"163":{"start":{"line":164,"column":0},"end":{"line":164,"column":5}},"166":{"start":{"line":167,"column":0},"end":{"line":167,"column":57}},"168":{"start":{"line":169,"column":0},"end":{"line":169,"column":18}},"169":{"start":{"line":170,"column":0},"end":{"line":170,"column":18}},"170":{"start":{"line":171,"column":0},"end":{"line":171,"column":23}},"171":{"start":{"line":172,"column":0},"end":{"line":172,"column":37}},"173":{"start":{"line":174,"column":0},"end":{"line":174,"column":33}},"175":{"start":{"line":176,"column":0},"end":{"line":176,"column":39}},"176":{"start":{"line":177,"column":0},"end":{"line":177,"column":85}},"177":{"start":{"line":178,"column":0},"end":{"line":178,"column":32}},"178":{"start":{"line":179,"column":0},"end":{"line":179,"column":18}},"179":{"start":{"line":180,"column":0},"end":{"line":180,"column":17}},"180":{"start":{"line":181,"column":0},"end":{"line":181,"column":7}},"181":{"start":{"line":182,"column":0},"end":{"line":182,"column":5}},"183":{"start":{"line":184,"column":0},"end":{"line":184,"column":46}},"184":{"start":{"line":185,"column":0},"end":{"line":185,"column":68}},"185":{"start":{"line":186,"column":0},"end":{"line":186,"column":36}},"186":{"start":{"line":187,"column":0},"end":{"line":187,"column":50}},"187":{"start":{"line":188,"column":0},"end":{"line":188,"column":62}},"191":{"start":{"line":192,"column":0},"end":{"line":192,"column":90}},"193":{"start":{"line":194,"column":0},"end":{"line":194,"column":51}},"194":{"start":{"line":195,"column":0},"end":{"line":195,"column":44}},"195":{"start":{"line":196,"column":0},"end":{"line":196,"column":36}},"196":{"start":{"line":197,"column":0},"end":{"line":197,"column":20}},"197":{"start":{"line":198,"column":0},"end":{"line":198,"column":38}},"198":{"start":{"line":199,"column":0},"end":{"line":199,"column":49}},"199":{"start":{"line":200,"column":0},"end":{"line":200,"column":21}},"200":{"start":{"line":201,"column":0},"end":{"line":201,"column":19}},"201":{"start":{"line":202,"column":0},"end":{"line":202,"column":62}},"202":{"start":{"line":203,"column":0},"end":{"line":203,"column":11}},"203":{"start":{"line":204,"column":0},"end":{"line":204,"column":39}},"204":{"start":{"line":205,"column":0},"end":{"line":205,"column":20}},"207":{"start":{"line":208,"column":0},"end":{"line":208,"column":32}},"208":{"start":{"line":209,"column":0},"end":{"line":209,"column":33}},"209":{"start":{"line":210,"column":0},"end":{"line":210,"column":46}},"210":{"start":{"line":211,"column":0},"end":{"line":211,"column":38}},"211":{"start":{"line":212,"column":0},"end":{"line":212,"column":40}},"212":{"start":{"line":213,"column":0},"end":{"line":213,"column":21}},"213":{"start":{"line":214,"column":0},"end":{"line":214,"column":64}},"214":{"start":{"line":215,"column":0},"end":{"line":215,"column":45}},"215":{"start":{"line":216,"column":0},"end":{"line":216,"column":12}},"217":{"start":{"line":218,"column":0},"end":{"line":218,"column":80}},"218":{"start":{"line":219,"column":0},"end":{"line":219,"column":85}},"219":{"start":{"line":220,"column":0},"end":{"line":220,"column":13}},"221":{"start":{"line":222,"column":0},"end":{"line":222,"column":35}},"222":{"start":{"line":223,"column":0},"end":{"line":223,"column":27}},"225":{"start":{"line":226,"column":0},"end":{"line":226,"column":83}},"226":{"start":{"line":227,"column":0},"end":{"line":227,"column":88}},"227":{"start":{"line":228,"column":0},"end":{"line":228,"column":15}},"229":{"start":{"line":230,"column":0},"end":{"line":230,"column":35}},"230":{"start":{"line":231,"column":0},"end":{"line":231,"column":51}},"231":{"start":{"line":232,"column":0},"end":{"line":232,"column":13}},"232":{"start":{"line":233,"column":0},"end":{"line":233,"column":11}},"233":{"start":{"line":234,"column":0},"end":{"line":234,"column":16}},"234":{"start":{"line":235,"column":0},"end":{"line":235,"column":20}},"235":{"start":{"line":236,"column":0},"end":{"line":236,"column":9}},"236":{"start":{"line":237,"column":0},"end":{"line":237,"column":7}},"237":{"start":{"line":238,"column":0},"end":{"line":238,"column":5}},"238":{"start":{"line":239,"column":0},"end":{"line":239,"column":3}},"244":{"start":{"line":245,"column":0},"end":{"line":245,"column":74}},"245":{"start":{"line":246,"column":0},"end":{"line":246,"column":9}},"246":{"start":{"line":247,"column":0},"end":{"line":247,"column":39}},"247":{"start":{"line":248,"column":0},"end":{"line":248,"column":54}},"248":{"start":{"line":249,"column":0},"end":{"line":249,"column":29}},"249":{"start":{"line":250,"column":0},"end":{"line":250,"column":28}},"250":{"start":{"line":251,"column":0},"end":{"line":251,"column":15}},"251":{"start":{"line":252,"column":0},"end":{"line":252,"column":22}},"252":{"start":{"line":253,"column":0},"end":{"line":253,"column":58}},"253":{"start":{"line":254,"column":0},"end":{"line":254,"column":43}},"254":{"start":{"line":255,"column":0},"end":{"line":255,"column":39}},"255":{"start":{"line":256,"column":0},"end":{"line":256,"column":10}},"256":{"start":{"line":257,"column":0},"end":{"line":257,"column":10}},"257":{"start":{"line":258,"column":0},"end":{"line":258,"column":36}},"258":{"start":{"line":259,"column":0},"end":{"line":259,"column":19}},"261":{"start":{"line":262,"column":0},"end":{"line":262,"column":20}},"262":{"start":{"line":263,"column":0},"end":{"line":263,"column":78}},"263":{"start":{"line":264,"column":0},"end":{"line":264,"column":48}},"264":{"start":{"line":265,"column":0},"end":{"line":265,"column":8}},"265":{"start":{"line":266,"column":0},"end":{"line":266,"column":5}},"266":{"start":{"line":267,"column":0},"end":{"line":267,"column":3}},"268":{"start":{"line":269,"column":0},"end":{"line":269,"column":44}},"269":{"start":{"line":270,"column":0},"end":{"line":270,"column":1}},"271":{"start":{"line":272,"column":0},"end":{"line":272,"column":59}},"272":{"start":{"line":273,"column":0},"end":{"line":273,"column":74}},"273":{"start":{"line":274,"column":0},"end":{"line":274,"column":1}},"277":{"start":{"line":278,"column":0},"end":{"line":278,"column":78}},"278":{"start":{"line":279,"column":0},"end":{"line":279,"column":21}},"279":{"start":{"line":280,"column":0},"end":{"line":280,"column":26}},"280":{"start":{"line":281,"column":0},"end":{"line":281,"column":26}},"281":{"start":{"line":282,"column":0},"end":{"line":282,"column":24}},"282":{"start":{"line":283,"column":0},"end":{"line":283,"column":24}},"283":{"start":{"line":284,"column":0},"end":{"line":284,"column":29}},"284":{"start":{"line":285,"column":0},"end":{"line":285,"column":20}},"285":{"start":{"line":286,"column":0},"end":{"line":286,"column":23}},"286":{"start":{"line":287,"column":0},"end":{"line":287,"column":22}},"287":{"start":{"line":288,"column":0},"end":{"line":288,"column":39}},"288":{"start":{"line":289,"column":0},"end":{"line":289,"column":19}},"289":{"start":{"line":290,"column":0},"end":{"line":290,"column":12}},"290":{"start":{"line":291,"column":0},"end":{"line":291,"column":22}},"291":{"start":{"line":292,"column":0},"end":{"line":292,"column":3}},"292":{"start":{"line":293,"column":0},"end":{"line":293,"column":1}},"301":{"start":{"line":302,"column":0},"end":{"line":302,"column":43}},"310":{"start":{"line":311,"column":0},"end":{"line":311,"column":51}},"312":{"start":{"line":313,"column":0},"end":{"line":313,"column":52}},"313":{"start":{"line":314,"column":0},"end":{"line":314,"column":12}},"314":{"start":{"line":315,"column":0},"end":{"line":315,"column":26}},"315":{"start":{"line":316,"column":0},"end":{"line":316,"column":40}},"316":{"start":{"line":317,"column":0},"end":{"line":317,"column":32}},"317":{"start":{"line":318,"column":0},"end":{"line":318,"column":34}},"318":{"start":{"line":319,"column":0},"end":{"line":319,"column":38}},"319":{"start":{"line":320,"column":0},"end":{"line":320,"column":42}},"320":{"start":{"line":321,"column":0},"end":{"line":321,"column":8}},"321":{"start":{"line":322,"column":0},"end":{"line":322,"column":6}},"322":{"start":{"line":323,"column":0},"end":{"line":323,"column":47}},"323":{"start":{"line":324,"column":0},"end":{"line":324,"column":5}},"325":{"start":{"line":326,"column":0},"end":{"line":326,"column":17}},"326":{"start":{"line":327,"column":0},"end":{"line":327,"column":33}},"327":{"start":{"line":328,"column":0},"end":{"line":328,"column":3}},"329":{"start":{"line":330,"column":0},"end":{"line":330,"column":7}},"330":{"start":{"line":331,"column":0},"end":{"line":331,"column":49}},"331":{"start":{"line":332,"column":0},"end":{"line":332,"column":13}},"332":{"start":{"line":333,"column":0},"end":{"line":333,"column":40}},"333":{"start":{"line":334,"column":0},"end":{"line":334,"column":32}},"334":{"start":{"line":335,"column":0},"end":{"line":335,"column":34}},"335":{"start":{"line":336,"column":0},"end":{"line":336,"column":38}},"336":{"start":{"line":337,"column":0},"end":{"line":337,"column":46}},"337":{"start":{"line":338,"column":0},"end":{"line":338,"column":36}},"338":{"start":{"line":339,"column":0},"end":{"line":339,"column":32}},"339":{"start":{"line":340,"column":0},"end":{"line":340,"column":41}},"340":{"start":{"line":341,"column":0},"end":{"line":341,"column":8}},"341":{"start":{"line":342,"column":0},"end":{"line":342,"column":27}},"342":{"start":{"line":343,"column":0},"end":{"line":343,"column":7}},"343":{"start":{"line":344,"column":0},"end":{"line":344,"column":48}},"344":{"start":{"line":345,"column":0},"end":{"line":345,"column":26}},"347":{"start":{"line":348,"column":0},"end":{"line":348,"column":39}},"348":{"start":{"line":349,"column":0},"end":{"line":349,"column":35}},"349":{"start":{"line":350,"column":0},"end":{"line":350,"column":5}},"350":{"start":{"line":351,"column":0},"end":{"line":351,"column":14}},"351":{"start":{"line":352,"column":0},"end":{"line":352,"column":3}},"352":{"start":{"line":353,"column":0},"end":{"line":353,"column":1}},"354":{"start":{"line":355,"column":0},"end":{"line":355,"column":57}},"355":{"start":{"line":356,"column":0},"end":{"line":356,"column":96}},"356":{"start":{"line":357,"column":0},"end":{"line":357,"column":1}},"358":{"start":{"line":359,"column":0},"end":{"line":359,"column":59}},"359":{"start":{"line":360,"column":0},"end":{"line":360,"column":24}},"360":{"start":{"line":361,"column":0},"end":{"line":361,"column":34}},"361":{"start":{"line":362,"column":0},"end":{"line":362,"column":27}},"362":{"start":{"line":363,"column":0},"end":{"line":363,"column":3}},"363":{"start":{"line":364,"column":0},"end":{"line":364,"column":1}},"365":{"start":{"line":366,"column":0},"end":{"line":366,"column":60}},"366":{"start":{"line":367,"column":0},"end":{"line":367,"column":33}},"367":{"start":{"line":368,"column":0},"end":{"line":368,"column":21}},"368":{"start":{"line":369,"column":0},"end":{"line":369,"column":38}},"369":{"start":{"line":370,"column":0},"end":{"line":370,"column":41}},"370":{"start":{"line":371,"column":0},"end":{"line":371,"column":58}},"371":{"start":{"line":372,"column":0},"end":{"line":372,"column":21}},"372":{"start":{"line":373,"column":0},"end":{"line":373,"column":6}},"373":{"start":{"line":374,"column":0},"end":{"line":374,"column":5}},"374":{"start":{"line":375,"column":0},"end":{"line":375,"column":46}},"375":{"start":{"line":376,"column":0},"end":{"line":376,"column":105}},"376":{"start":{"line":377,"column":0},"end":{"line":377,"column":5}},"377":{"start":{"line":378,"column":0},"end":{"line":378,"column":4}},"378":{"start":{"line":379,"column":0},"end":{"line":379,"column":1}}},"s":{"0":1,"33":1,"36":4,"37":4,"38":4,"39":4,"42":4,"43":4,"45":4,"46":4,"47":4,"48":4,"49":4,"52":0,"53":0,"54":4,"55":0,"56":0,"57":4,"62":0,"63":0,"64":0,"65":0,"66":0,"67":0,"68":0,"69":0,"70":0,"71":4,"74":5,"75":5,"76":5,"77":5,"78":5,"79":5,"80":5,"81":5,"83":5,"85":4,"86":4,"87":4,"88":0,"89":0,"90":0,"91":0,"92":4,"93":4,"95":5,"96":5,"100":4,"101":4,"102":4,"103":4,"104":4,"105":4,"106":4,"107":4,"109":4,"110":4,"111":4,"113":0,"114":0,"115":5,"117":1,"118":0,"119":0,"120":0,"121":0,"122":0,"123":0,"124":0,"125":0,"128":2,"129":2,"130":2,"132":7,"137":7,"138":7,"139":1,"140":1,"142":6,"143":7,"144":1,"145":1,"147":5,"148":7,"152":1,"153":1,"155":4,"156":4,"158":7,"160":4,"161":4,"162":4,"163":4,"166":4,"168":4,"169":4,"170":4,"171":4,"173":5,"175":3,"176":1,"177":1,"178":1,"179":1,"180":1,"181":1,"183":2,"184":2,"185":2,"186":2,"187":2,"191":2,"193":2,"194":2,"195":2,"196":2,"197":2,"198":2,"199":2,"200":2,"201":2,"202":2,"203":2,"204":2,"207":2,"208":2,"209":2,"210":2,"211":2,"212":2,"213":2,"214":2,"215":2,"217":2,"218":0,"219":2,"221":2,"222":1,"225":1,"226":0,"227":1,"229":1,"230":1,"231":1,"232":1,"233":2,"234":0,"235":0,"236":2,"237":2,"238":2,"244":7,"245":0,"246":0,"247":0,"248":0,"249":0,"250":0,"251":0,"252":0,"253":0,"254":0,"255":0,"256":0,"257":0,"258":0,"261":0,"262":0,"263":0,"264":0,"265":0,"266":0,"268":4,"269":4,"271":4,"272":4,"273":4,"277":1,"278":2,"279":2,"280":2,"281":2,"282":2,"283":2,"284":0,"285":2,"286":0,"287":2,"288":0,"289":2,"290":0,"291":2,"292":2,"301":10,"310":10,"312":10,"313":10,"314":10,"315":10,"316":10,"317":10,"318":10,"319":10,"320":10,"321":10,"322":10,"323":10,"325":10,"326":1,"327":1,"329":9,"330":9,"331":9,"332":9,"333":9,"334":9,"335":9,"336":9,"337":9,"338":9,"339":10,"340":10,"341":10,"342":10,"343":9,"344":10,"347":0,"348":0,"349":0,"350":0,"351":0,"352":10,"354":0,"355":0,"356":0,"358":0,"359":0,"360":0,"361":0,"362":0,"363":0,"365":1,"366":0,"367":0,"368":0,"369":0,"370":0,"371":0,"372":0,"373":0,"374":0,"375":0,"376":0,"377":0,"378":0},"branchMap":{"0":{"type":"branch","line":37,"loc":{"start":{"line":37,"column":0},"end":{"line":40,"column":1}},"locations":[{"start":{"line":37,"column":0},"end":{"line":40,"column":1}}]},"1":{"type":"branch","line":38,"loc":{"start":{"line":38,"column":36},"end":{"line":38,"column":68}},"locations":[{"start":{"line":38,"column":36},"end":{"line":38,"column":68}}]},"2":{"type":"branch","line":43,"loc":{"start":{"line":43,"column":0},"end":{"line":72,"column":1}},"locations":[{"start":{"line":43,"column":0},"end":{"line":72,"column":1}}]},"3":{"type":"branch","line":50,"loc":{"start":{"line":50,"column":4},"end":{"line":55,"column":37}},"locations":[{"start":{"line":50,"column":4},"end":{"line":55,"column":37}}]},"4":{"type":"branch","line":55,"loc":{"start":{"line":55,"column":37},"end":{"line":57,"column":5}},"locations":[{"start":{"line":55,"column":37},"end":{"line":57,"column":5}}]},"5":{"type":"branch","line":58,"loc":{"start":{"line":58,"column":2},"end":{"line":71,"column":52}},"locations":[{"start":{"line":58,"column":2},"end":{"line":71,"column":52}}]},"6":{"type":"branch","line":75,"loc":{"start":{"line":75,"column":0},"end":{"line":116,"column":1}},"locations":[{"start":{"line":75,"column":0},"end":{"line":116,"column":1}}]},"7":{"type":"branch","line":84,"loc":{"start":{"line":84,"column":33},"end":{"line":84,"column":45}},"locations":[{"start":{"line":84,"column":33},"end":{"line":84,"column":45}}]},"8":{"type":"branch","line":84,"loc":{"start":{"line":84,"column":40},"end":{"line":96,"column":36}},"locations":[{"start":{"line":84,"column":40},"end":{"line":96,"column":36}}]},"9":{"type":"branch","line":96,"loc":{"start":{"line":96,"column":25},"end":{"line":96,"column":50}},"locations":[{"start":{"line":96,"column":25},"end":{"line":96,"column":50}}]},"10":{"type":"branch","line":97,"loc":{"start":{"line":97,"column":23},"end":{"line":97,"column":35}},"locations":[{"start":{"line":97,"column":23},"end":{"line":97,"column":35}}]},"11":{"type":"branch","line":97,"loc":{"start":{"line":97,"column":30},"end":{"line":112,"column":5}},"locations":[{"start":{"line":97,"column":30},"end":{"line":112,"column":5}}]},"12":{"type":"branch","line":112,"loc":{"start":{"line":112,"column":4},"end":{"line":115,"column":3}},"locations":[{"start":{"line":112,"column":4},"end":{"line":115,"column":3}}]},"13":{"type":"branch","line":87,"loc":{"start":{"line":87,"column":36},"end":{"line":94,"column":5}},"locations":[{"start":{"line":87,"column":36},"end":{"line":94,"column":5}}]},"14":{"type":"branch","line":88,"loc":{"start":{"line":88,"column":12},"end":{"line":88,"column":58}},"locations":[{"start":{"line":88,"column":12},"end":{"line":88,"column":58}}]},"15":{"type":"branch","line":88,"loc":{"start":{"line":88,"column":58},"end":{"line":92,"column":7}},"locations":[{"start":{"line":88,"column":58},"end":{"line":92,"column":7}}]},"16":{"type":"branch","line":129,"loc":{"start":{"line":129,"column":0},"end":{"line":131,"column":1}},"locations":[{"start":{"line":129,"column":0},"end":{"line":131,"column":1}}]},"17":{"type":"branch","line":133,"loc":{"start":{"line":133,"column":0},"end":{"line":270,"column":1}},"locations":[{"start":{"line":133,"column":0},"end":{"line":270,"column":1}}]},"18":{"type":"branch","line":139,"loc":{"start":{"line":139,"column":23},"end":{"line":144,"column":30}},"locations":[{"start":{"line":139,"column":23},"end":{"line":144,"column":30}}]},"19":{"type":"branch","line":139,"loc":{"start":{"line":139,"column":23},"end":{"line":141,"column":3}},"locations":[{"start":{"line":139,"column":23},"end":{"line":141,"column":3}}]},"20":{"type":"branch","line":144,"loc":{"start":{"line":144,"column":7},"end":{"line":144,"column":30}},"locations":[{"start":{"line":144,"column":7},"end":{"line":144,"column":30}}]},"21":{"type":"branch","line":144,"loc":{"start":{"line":144,"column":30},"end":{"line":146,"column":3}},"locations":[{"start":{"line":144,"column":30},"end":{"line":146,"column":3}}]},"22":{"type":"branch","line":146,"loc":{"start":{"line":146,"column":2},"end":{"line":149,"column":14}},"locations":[{"start":{"line":146,"column":2},"end":{"line":149,"column":14}}]},"23":{"type":"branch","line":149,"loc":{"start":{"line":149,"column":14},"end":{"line":154,"column":3}},"locations":[{"start":{"line":149,"column":14},"end":{"line":154,"column":3}}]},"24":{"type":"branch","line":154,"loc":{"start":{"line":154,"column":2},"end":{"line":157,"column":57}},"locations":[{"start":{"line":154,"column":2},"end":{"line":157,"column":57}}]},"25":{"type":"branch","line":159,"loc":{"start":{"line":159,"column":105},"end":{"line":245,"column":28}},"locations":[{"start":{"line":159,"column":105},"end":{"line":245,"column":28}}]},"26":{"type":"branch","line":159,"loc":{"start":{"line":159,"column":105},"end":{"line":174,"column":32}},"locations":[{"start":{"line":159,"column":105},"end":{"line":174,"column":32}}]},"27":{"type":"branch","line":174,"loc":{"start":{"line":174,"column":32},"end":{"line":239,"column":3}},"locations":[{"start":{"line":174,"column":32},"end":{"line":239,"column":3}}]},"28":{"type":"branch","line":176,"loc":{"start":{"line":176,"column":38},"end":{"line":182,"column":5}},"locations":[{"start":{"line":176,"column":38},"end":{"line":182,"column":5}}]},"29":{"type":"branch","line":182,"loc":{"start":{"line":182,"column":4},"end":{"line":239,"column":3}},"locations":[{"start":{"line":182,"column":4},"end":{"line":239,"column":3}}]},"30":{"type":"branch","line":202,"loc":{"start":{"line":202,"column":18},"end":{"line":202,"column":52}},"locations":[{"start":{"line":202,"column":18},"end":{"line":202,"column":52}}]},"31":{"type":"branch","line":202,"loc":{"start":{"line":202,"column":39},"end":{"line":202,"column":62}},"locations":[{"start":{"line":202,"column":39},"end":{"line":202,"column":62}}]},"32":{"type":"branch","line":214,"loc":{"start":{"line":214,"column":20},"end":{"line":214,"column":54}},"locations":[{"start":{"line":214,"column":20},"end":{"line":214,"column":54}}]},"33":{"type":"branch","line":214,"loc":{"start":{"line":214,"column":41},"end":{"line":214,"column":64}},"locations":[{"start":{"line":214,"column":41},"end":{"line":214,"column":64}}]},"34":{"type":"branch","line":222,"loc":{"start":{"line":222,"column":34},"end":{"line":233,"column":11}},"locations":[{"start":{"line":222,"column":34},"end":{"line":233,"column":11}}]},"35":{"type":"branch","line":234,"loc":{"start":{"line":234,"column":8},"end":{"line":236,"column":9}},"locations":[{"start":{"line":234,"column":8},"end":{"line":236,"column":9}}]},"36":{"type":"branch","line":239,"loc":{"start":{"line":239,"column":2},"end":{"line":245,"column":28}},"locations":[{"start":{"line":239,"column":2},"end":{"line":245,"column":28}}]},"37":{"type":"branch","line":245,"loc":{"start":{"line":245,"column":6},"end":{"line":245,"column":47}},"locations":[{"start":{"line":245,"column":6},"end":{"line":245,"column":47}}]},"38":{"type":"branch","line":245,"loc":{"start":{"line":245,"column":28},"end":{"line":245,"column":73}},"locations":[{"start":{"line":245,"column":28},"end":{"line":245,"column":73}}]},"39":{"type":"branch","line":245,"loc":{"start":{"line":245,"column":73},"end":{"line":267,"column":3}},"locations":[{"start":{"line":245,"column":73},"end":{"line":267,"column":3}}]},"40":{"type":"branch","line":267,"loc":{"start":{"line":267,"column":2},"end":{"line":270,"column":1}},"locations":[{"start":{"line":267,"column":2},"end":{"line":270,"column":1}}]},"41":{"type":"branch","line":272,"loc":{"start":{"line":272,"column":0},"end":{"line":274,"column":1}},"locations":[{"start":{"line":272,"column":0},"end":{"line":274,"column":1}}]},"42":{"type":"branch","line":273,"loc":{"start":{"line":273,"column":22},"end":{"line":273,"column":66}},"locations":[{"start":{"line":273,"column":22},"end":{"line":273,"column":66}}]},"43":{"type":"branch","line":278,"loc":{"start":{"line":278,"column":7},"end":{"line":293,"column":1}},"locations":[{"start":{"line":278,"column":7},"end":{"line":293,"column":1}}]},"44":{"type":"branch","line":284,"loc":{"start":{"line":284,"column":4},"end":{"line":285,"column":20}},"locations":[{"start":{"line":284,"column":4},"end":{"line":285,"column":20}}]},"45":{"type":"branch","line":286,"loc":{"start":{"line":286,"column":4},"end":{"line":287,"column":22}},"locations":[{"start":{"line":286,"column":4},"end":{"line":287,"column":22}}]},"46":{"type":"branch","line":288,"loc":{"start":{"line":288,"column":4},"end":{"line":289,"column":19}},"locations":[{"start":{"line":288,"column":4},"end":{"line":289,"column":19}}]},"47":{"type":"branch","line":290,"loc":{"start":{"line":290,"column":4},"end":{"line":291,"column":22}},"locations":[{"start":{"line":290,"column":4},"end":{"line":291,"column":22}}]},"48":{"type":"branch","line":302,"loc":{"start":{"line":302,"column":0},"end":{"line":353,"column":1}},"locations":[{"start":{"line":302,"column":0},"end":{"line":353,"column":1}}]},"49":{"type":"branch","line":320,"loc":{"start":{"line":320,"column":25},"end":{"line":320,"column":42}},"locations":[{"start":{"line":320,"column":25},"end":{"line":320,"column":42}}]},"50":{"type":"branch","line":326,"loc":{"start":{"line":326,"column":16},"end":{"line":328,"column":3}},"locations":[{"start":{"line":326,"column":16},"end":{"line":328,"column":3}}]},"51":{"type":"branch","line":328,"loc":{"start":{"line":328,"column":2},"end":{"line":340,"column":31}},"locations":[{"start":{"line":328,"column":2},"end":{"line":340,"column":31}}]},"52":{"type":"branch","line":340,"loc":{"start":{"line":340,"column":21},"end":{"line":340,"column":41}},"locations":[{"start":{"line":340,"column":21},"end":{"line":340,"column":41}}]},"53":{"type":"branch","line":343,"loc":{"start":{"line":343,"column":5},"end":{"line":345,"column":11}},"locations":[{"start":{"line":343,"column":5},"end":{"line":345,"column":11}}]},"54":{"type":"branch","line":345,"loc":{"start":{"line":345,"column":2},"end":{"line":352,"column":3}},"locations":[{"start":{"line":345,"column":2},"end":{"line":352,"column":3}}]}},"b":{"0":[4],"1":[0],"2":[4],"3":[0],"4":[0],"5":[0],"6":[5],"7":[1],"8":[4],"9":[0],"10":[0],"11":[4],"12":[0],"13":[4],"14":[0],"15":[0],"16":[2],"17":[7],"18":[6],"19":[1],"20":[5],"21":[1],"22":[5],"23":[1],"24":[4],"25":[5],"26":[4],"27":[3],"28":[1],"29":[2],"30":[1],"31":[1],"32":[1],"33":[1],"34":[1],"35":[0],"36":[4],"37":[1],"38":[0],"39":[0],"40":[4],"41":[4],"42":[0],"43":[2],"44":[0],"45":[0],"46":[0],"47":[0],"48":[10],"49":[8],"50":[1],"51":[9],"52":[6],"53":[9],"54":[0]},"fnMap":{"0":{"name":"clampPageSize","decl":{"start":{"line":37,"column":0},"end":{"line":40,"column":1}},"loc":{"start":{"line":37,"column":0},"end":{"line":40,"column":1}},"line":37},"1":{"name":"buildQueryForRule","decl":{"start":{"line":43,"column":0},"end":{"line":72,"column":1}},"loc":{"start":{"line":43,"column":0},"end":{"line":72,"column":1}},"line":43},"2":{"name":"pickActiveToken","decl":{"start":{"line":75,"column":0},"end":{"line":116,"column":1}},"loc":{"start":{"line":75,"column":0},"end":{"line":116,"column":1}},"line":75},"3":{"name":"getFlagQueue","decl":{"start":{"line":119,"column":0},"end":{"line":126,"column":1}},"loc":{"start":{"line":119,"column":0},"end":{"line":126
[...]
,"G:\\SecretWatch\\apps\\worker\\src\\rules\\engine.ts": {"path":"G:\\SecretWatch\\apps\\worker\\src\\rules\\engine.ts","all":false,"statementMap":{"0":{"start":{"line":1,"column":0},"end":{"line":1,"column":52}},"39":{"start":{"line":40,"column":0},"end":{"line":40,"column":101}},"42":{"start":{"line":43,"column":0},"end":{"line":43,"column":7}},"44":{"start":{"line":45,"column":0},"end":{"line":45,"column":29}},"45":{"start":{"line":46,"column":0},"end":{"line":46,"column":11}},"46":{"start":{"line":47,"column":0},"end":{"line":47,"column":16}},"47":{"start":{"line":48,"column":0},"end":{"line":48,"column":3}},"49":{"start":{"line":50,"column":0},"end":{"line":50,"column":61}},"50":{"start":{"line":51,"column":0},"end":{"line":51,"column":26}},"52":{"start":{"line":53,"column":0},"end":{"line":53,"column":53}},"53":{"start":{"line":54,"column":0},"end":{"line":54,"column":31}},"55":{"start":{"line":56,"column":0},"end":{"line":56,"column":62}},"56":{"start":{"line":57,"column":0},"end":{"line":57,"column":16}},"57":{"start":{"line":58,"column":0},"end":{"line":58,"column":3}},"59":{"start":{"line":60,"column":0},"end":{"line":60,"column":10}},"60":{"start":{"line":61,"column":0},"end":{"line":61,"column":24}},"61":{"start":{"line":62,"column":0},"end":{"line":62,"column":30}},"62":{"start":{"line":63,"column":0},"end":{"line":63,"column":56}},"63":{"start":{"line":64,"column":0},"end":{"line":64,"column":4}},"64":{"start":{"line":65,"column":0},"end":{"line":65,"column":1}},"70":{"start":{"line":71,"column":0},"end":{"line":71,"column":103}},"71":{"start":{"line":72,"column":0},"end":{"line":72,"column":34}},"72":{"start":{"line":73,"column":0},"end":{"line":73,"column":29}},"73":{"start":{"line":74,"column":0},"end":{"line":74,"column":52}},"74":{"start":{"line":75,"column":0},"end":{"line":75,"column":35}},"75":{"start":{"line":76,"column":0},"end":{"line":76,"column":3}},"76":{"start":{"line":77,"column":0},"end":{"line":77,"column":17}},"77":{"start":{"line":78,"column":0},"end":{"line":78,"column":1}}},"s":{"0":1,"39":14,"42":14,"44":14,"45":14,"46":1,"47":1,"49":13,"50":14,"52":14,"53":14,"55":14,"56":1,"57":1,"59":10,"60":10,"61":10,"62":10,"63":10,"64":10,"70":4,"71":4,"72":4,"73":5,"74":5,"75":5,"76":4,"77":4},"branchMap":{"0":{"type":"branch","line":40,"loc":{"start":{"line":40,"column":0},"end":{"line":65,"column":1}},"locations":[{"start":{"line":40,"column":0},"end":{"line":65,"column":1}}]},"1":{"type":"branch","line":46,"loc":{"start":{"line":46,"column":2},"end":{"line":48,"column":3}},"locations":[{"start":{"line":46,"column":2},"end":{"line":48,"column":3}}]},"2":{"type":"branch","line":48,"loc":{"start":{"line":48,"column":2},"end":{"line":51,"column":21}},"locations":[{"start":{"line":48,"column":2},"end":{"line":51,"column":21}}]},"3":{"type":"branch","line":51,"loc":{"start":{"line":51,"column":14},"end":{"line":51,"column":26}},"locations":[{"start":{"line":51,"column":14},"end":{"line":51,"column":26}}]},"4":{"type":"branch","line":51,"loc":{"start":{"line":51,"column":21},"end":{"line":53,"column":37}},"locations":[{"start":{"line":51,"column":21},"end":{"line":53,"column":37}}]},"5":{"type":"branch","line":53,"loc":{"start":{"line":53,"column":27},"end":{"line":53,"column":53}},"locations":[{"start":{"line":53,"column":27},"end":{"line":53,"column":53}}]},"6":{"type":"branch","line":54,"loc":{"start":{"line":54,"column":19},"end":{"line":54,"column":31}},"locations":[{"start":{"line":54,"column":19},"end":{"line":54,"column":31}}]},"7":{"type":"branch","line":54,"loc":{"start":{"line":54,"column":26},"end":{"line":56,"column":33}},"locations":[{"start":{"line":54,"column":26},"end":{"line":56,"column":33}}]},"8":{"type":"branch","line":56,"loc":{"start":{"line":56,"column":20},"end":{"line":56,"column":61}},"locations":[{"start":{"line":56,"column":20},"end":{"line":56,"column":61}}]},"9":{"type":"branch","line":56,"loc":{"start":{"line":56,"column":61},"end":{"line":58,"column":3}},"locations":[{"start":{"line":56,"column":61},"end":{"line":58,"column":3}}]},"10":{"type":"branch","line":58,"loc":{"start":{"line":58,"column":2},"end":{"line":65,"column":1}},"locations":[{"start":{"line":58,"column":2},"end":{"line":65,"column":1}}]},"11":{"type":"branch","line":71,"loc":{"start":{"line":71,"column":0},"end":{"line":78,"column":1}},"locations":[{"start":{"line":71,"column":0},"end":{"line":78,"column":1}}]},"12":{"type":"branch","line":73,"loc":{"start":{"line":73,"column":28},"end":{"line":76,"column":3}},"locations":[{"start":{"line":73,"column":28},"end":{"line":76,"column":3}}]}},"b":{"0":[14],"1":[1],"2":[13],"3":[2],"4":[11],"5":[9],"6":[0],"7":[11],"8":[2],"9":[1],"10":[10],"11":[4],"12":[5]},"fnMap":{"0":{"name":"evaluateRule","decl":{"start":{"line":40,"column":0},"end":{"line":65,"column":1}},"loc":{"start":{"line":40,"column":0},"end":{"line":65,"column":1}},"line":40},"1":{"name":"evaluateAllRules","decl":{"start":{"line":71,"column":0},"end":{"line":78,"column":1}},"loc":{"start":{"line":71,"column":0},"end":{"line":78,"column":1}},"line":71}},"f":{"0":14,"1":4}}
,"G:\\SecretWatch\\apps\\worker\\src\\rules\\entropy.ts": {"path":"G:\\SecretWatch\\apps\\worker\\src\\rules\\entropy.ts","all":false,"statementMap":{"5":{"start":{"line":6,"column":0},"end":{"line":6,"column":55}},"6":{"start":{"line":7,"column":0},"end":{"line":7,"column":23}},"7":{"start":{"line":8,"column":0},"end":{"line":8,"column":43}},"8":{"start":{"line":9,"column":0},"end":{"line":9,"column":27}},"9":{"start":{"line":10,"column":0},"end":{"line":10,"column":46}},"10":{"start":{"line":11,"column":0},"end":{"line":11,"column":3}},"11":{"start":{"line":12,"column":0},"end":{"line":12,"column":27}},"12":{"start":{"line":13,"column":0},"end":{"line":13,"column":18}},"13":{"start":{"line":14,"column":0},"end":{"line":14,"column":40}},"14":{"start":{"line":15,"column":0},"end":{"line":15,"column":26}},"15":{"start":{"line":16,"column":0},"end":{"line":16,"column":32}},"16":{"start":{"line":17,"column":0},"end":{"line":17,"column":3}},"17":{"start":{"line":18,"column":0},"end":{"line":18,"column":17}},"18":{"start":{"line":19,"column":0},"end":{"line":19,"column":1}},"21":{"start":{"line":22,"column":0},"end":{"line":22,"column":37}},"23":{"start":{"line":24,"column":0},"end":{"line":24,"column":86}},"24":{"start":{"line":25,"column":0},"end":{"line":25,"column":44}},"25":{"start":{"line":26,"column":0},"end":{"line":26,"column":1}}},"s":{"5":1,"6":4,"7":4,"8":4,"9":96,"10":96,"11":4,"12":4,"13":4,"14":50,"15":50,"16":50,"17":4,"18":4,"21":1,"23":1,"24":3,"25":3},"branchMap":{"0":{"type":"branch","line":6,"loc":{"start":{"line":6,"column":7},"end":{"line":19,"column":1}},"locations":[{"start":{"line":6,"column":7},"end":{"line":19,"column":1}}]},"1":{"type":"branch","line":7,"loc":{"start":{"line":7,"column":14},"end":{"line":7,"column":23}},"locations":[{"start":{"line":7,"column":14},"end":{"line":7,"column":23}}]},"2":{"type":"branch","line":9,"loc":{"start":{"line":9,"column":26},"end":{"line":11,"column":3}},"locations":[{"start":{"line":9,"column":26},"end":{"line":11,"column":3}}]},"3":{"type":"branch","line":10,"loc":{"start":{"line":10,"column":33},"end":{"line":10,"column":43}},"locations":[{"start":{"line":10,"column":33},"end":{"line":10,"column":43}}]},"4":{"type":"branch","line":14,"loc":{"start":{"line":14,"column":39},"end":{"line":17,"column":3}},"locations":[{"start":{"line":14,"column":39},"end":{"line":17,"column":3}}]},"5":{"type":"branch","line":24,"loc":{"start":{"line":24,"column":7},"end":{"line":26,"column":1}},"locations":[{"start":{"line":24,"column":7},"end":{"line":26,"column":1}}]}},"b":{"0":[4],"1":[0],"2":[96],"3":[50],"4":[50],"5":[3]},"fnMap":{"0":{"name":"shannonEntropy","decl":{"start":{"line":6,"column":7},"end":{"line":19,"column":1}},"loc":{"start":{"line":6,"column":7},"end":{"line":19,"column":1}},"line":6},"1":{"name":"isHighEntropy","decl":{"start":{"line":24,"column":7},"end":{"line":26,"column":1}},"loc":{"start":{"line":24,"column":7},"end":{"line":26,"column":1}},"line":24}},"f":{"0":4,"1":3}}
,"G:\\SecretWatch\\apps\\worker\\src\\rules\\safe-exec-thread.ts": {"path":"G:\\SecretWatch\\apps\\worker\\src\\rules\\safe-exec-thread.ts","all":true,"statementMap":{"0":{"start":{"line":1,"column":0},"end":{"line":1,"column":3}},"10":{"start":{"line":11,"column":0},"end":{"line":11,"column":49}},"23":{"start":{"line":24,"column":0},"end":{"line":24,"column":18}},"24":{"start":{"line":25,"column":0},"end":{"line":25,"column":72}},"25":{"start":{"line":26,"column":0},"end":{"line":26,"column":1}},"27":{"start":{"line":28,"column":0},"end":{"line":28,"column":48}},"28":{"start":{"line":29,"column":0},"end":{"line":29,"column":29}},"29":{"start":{"line":30,"column":0},"end":{"line":30,"column":7}},"30":{"start":{"line":31,"column":0},"end":{"line":31,"column":42}},"31":{"start":{"line":32,"column":0},"end":{"line":32,"column":42}},"32":{"start":{"line":33,"column":0},"end":{"line":33,"column":16}},"33":{"start":{"line":34,"column":0},"end":{"line":34,"column":17}},"34":{"start":{"line":35,"column":0},"end":{"line":35,"column":71}},"35":{"start":{"line":36,"column":0},"end":{"line":36,"column":6}},"36":{"start":{"line":37,"column":0},"end":{"line":37,"column":11}},"40":{"start":{"line":41,"column":0},"end":{"line":41,"column":44}},"41":{"start":{"line":42,"column":0},"end":{"line":42,"column":3}},"42":{"start":{"line":43,"column":0},"end":{"line":43,"column":36}},"43":{"start":{"line":44,"column":0},"end":{"line":44,"column":3}}},"s":{"0":0,"10":0,"23":0,"24":0,"25":0,"27":0,"28":0,"29":0,"30":0,"31":0,"32":0,"33":0,"34":0,"35":0,"36":0,"40":0,"41":0,"42":0,"43":0},"branchMap":{"0":{"type":"branch","line":1,"loc":{"start":{"line":1,"column":1412},"end":{"line":44,"column":3}},"locations":[{"start":{"line":1,"column":1412},"end":{"line":44,"column":3}}]}},"b":{"0":[0]},"fnMap":{"0":{"name":"(empty-report)","decl":{"start":{"line":1,"column":1412},"end":{"line":44,"column":3}},"loc":{"start":{"line":1,"column":1412},"end":{"line":44,"column":3}},"line":1}},"f":{"0":0}}
,"G:\\SecretWatch\\apps\\worker\\src\\rules\\safe-exec.ts": {"path":"G:\\SecretWatch\\apps\\worker\\src\\rules\\safe-exec.ts","all":false,"statementMap":{"0":{"start":{"line":1,"column":0},"end":{"line":1,"column":45}},"15":{"start":{"line":16,"column":0},"end":{"line":16,"column":69}},"17":{"start":{"line":18,"column":0},"end":{"line":18,"column":39}},"22":{"start":{"line":23,"column":0},"end":{"line":23,"column":45}},"23":{"start":{"line":24,"column":0},"end":{"line":24,"column":18}},"36":{"start":{"line":37,"column":0},"end":{"line":37,"column":50}},"38":{"start":{"line":39,"column":0},"end":{"line":39,"column":64}},"39":{"start":{"line":40,"column":0},"end":{"line":40,"column":87}},"46":{"start":{"line":47,"column":0},"end":{"line":47,"column":74}},"47":{"start":{"line":48,"column":0},"end":{"line":48,"column":39}},"48":{"start":{"line":49,"column":0},"end":{"line":49,"column":5}},"49":{"start":{"line":50,"column":0},"end":{"line":50,"column":24}},"50":{"start":{"line":51,"column":0},"end":{"line":51,"column":53}},"51":{"start":{"line":52,"column":0},"end":{"line":52,"column":48}},"52":{"start":{"line":53,"column":0},"end":{"line":53,"column":5}},"54":{"start":{"line":55,"column":0},"end":{"line":55,"column":87}},"55":{"start":{"line":56,"column":0},"end":{"line":56,"column":36}},"56":{"start":{"line":57,"column":0},"end":{"line":57,"column":21}},"57":{"start":{"line":58,"column":0},"end":{"line":58,"column":27}},"58":{"start":{"line":59,"column":0},"end":{"line":59,"column":28}},"59":{"start":{"line":60,"column":0},"end":{"line":60,"column":5}},"60":{"start":{"line":61,"column":0},"end":{"line":61,"column":31}},"65":{"start":{"line":66,"column":0},"end":{"line":66,"column":102}},"66":{"start":{"line":67,"column":0},"end":{"line":67,"column":58}},"67":{"start":{"line":68,"column":0},"end":{"line":68,"column":20}},"68":{"start":{"line":69,"column":0},"end":{"line":69,"column":34}},"69":{"start":{"line":70,"column":0},"end":{"line":70,"column":26}},"70":{"start":{"line":71,"column":0},"end":{"line":71,"column":25}},"71":{"start":{"line":72,"column":0},"end":{"line":72,"column":5}},"72":{"start":{"line":73,"column":0},"end":{"line":73,"column":5}},"73":{"start":{"line":74,"column":0},"end":{"line":74,"column":17}},"75":{"start":{"line":76,"column":0},"end":{"line":76,"column":40}},"76":{"start":{"line":77,"column":0},"end":{"line":77,"column":1}},"89":{"start":{"line":90,"column":0},"end":{"line":90,"column":112}},"90":{"start":{"line":91,"column":0},"end":{"line":91,"column":40}},"91":{"start":{"line":92,"column":0},"end":{"line":92,"column":83}},"93":{"start":{"line":94,"column":0},"end":{"line":94,"column":25}},"95":{"start":{"line":96,"column":0},"end":{"line":96,"column":65}},"96":{"start":{"line":97,"column":0},"end":{"line":97,"column":36}},"97":{"start":{"line":98,"column":0},"end":{"line":98,"column":25}},"98":{"start":{"line":99,"column":0},"end":{"line":99,"column":20}},"105":{"start":{"line":106,"column":0},"end":{"line":106,"column":36}},"106":{"start":{"line":107,"column":0},"end":{"line":107,"column":28}},"107":{"start":{"line":108,"column":0},"end":{"line":108,"column":27}},"108":{"start":{"line":109,"column":0},"end":{"line":109,"column":7}},"109":{"start":{"line":110,"column":0},"end":{"line":110,"column":41}},"110":{"start":{"line":111,"column":0},"end":{"line":111,"column":45}},"111":{"start":{"line":112,"column":0},"end":{"line":112,"column":32}},"112":{"start":{"line":113,"column":0},"end":{"line":113,"column":26}},"113":{"start":{"line":114,"column":0},"end":{"line":114,"column":7}},"114":{"start":{"line":115,"column":0},"end":{"line":115,"column":25}},"116":{"start":{"line":117,"column":0},"end":{"line":117,"column":21}},"117":{"start":{"line":118,"column":0},"end":{"line":118,"column":27}},"118":{"start":{"line":119,"column":0},"end":{"line":119,"column":28}},"119":{"start":{"line":120,"column":0},"end":{"line":120,"column":23}},"120":{"start":{"line":121,"column":0},"end":{"line":121,"column":8}},"121":{"start":{"line":122,"column":0},"end":{"line":122,"column":7}},"123":{"start":{"line":124,"column":0},"end":{"line":124,"column":49}},"124":{"start":{"line":125,"column":0},"end":{"line":125,"column":5}},"125":{"start":{"line":126,"column":0},"end":{"line":126,"column":1}}},"s":{"0":1,"15":1,"17":1,"22":1,"23":1,"36":1,"38":13,"39":13,"46":3,"47":3,"48":3,"49":3,"50":3,"51":3,"52":3,"54":3,"55":12,"56":12,"57":12,"58":12,"59":3,"60":3,"65":0,"66":0,"67":0,"68":0,"69":0,"70":0,"71":0,"72":3,"73":3,"75":3,"76":3,"89":13,"90":13,"91":13,"93":13,"95":13,"96":13,"97":1,"98":1,"105":1,"106":1,"107":1,"108":1,"109":1,"110":1,"111":0,"112":0,"113":0,"114":13,"116":13,"117":13,"118":12,"119":12,"120":12,"121":13,"123":13,"124":13,"125":13},"branchMap":{"0":{"type":"branch","line":16,"loc":{"start":{"line":16,"column":60},"end":{"line":16,"column":69}},"locations":[{"start":{"line":16,"column":60},"end":{"line":16,"column":69}}]},"1":{"type":"branch","line":39,"loc":{"start":{"line":39,"column":0},"end":{"line":77,"column":1}},"locations":[{"start":{"line":39,"column":0},"end":{"line":77,"column":1}}]},"2":{"type":"branch","line":40,"loc":{"start":{"line":40,"column":6},"end":{"line":40,"column":35}},"locations":[{"start":{"line":40,"column":6},"end":{"line":40,"column":35}}]},"3":{"type":"branch","line":40,"loc":{"start":{"line":40,"column":35},"end":{"line":77,"column":1}},"locations":[{"start":{"line":40,"column":35},"end":{"line":77,"column":1}}]},"4":{"type":"branch","line":40,"loc":{"start":{"line":40,"column":35},"end":{"line":40,"column":87}},"locations":[{"start":{"line":40,"column":35},"end":{"line":40,"column":87}}]},"5":{"type":"branch","line":40,"loc":{"start":{"line":40,"column":85},"end":{"line":77,"column":1}},"locations":[{"start":{"line":40,"column":85},"end":{"line":77,"column":1}}]},"6":{"type":"branch","line":51,"loc":{"start":{"line":51,"column":34},"end":{"line":53,"column":3}},"locations":[{"start":{"line":51,"column":34},"end":{"line":53,"column":3}}]},"7":{"type":"branch","line":52,"loc":{"start":{"line":52,"column":26},"end":{"line":52,"column":46}},"locations":[{"start":{"line":52,"column":26},"end":{"line":52,"column":46}}]},"8":{"type":"branch","line":55,"loc":{"start":{"line":55,"column":23},"end":{"line":60,"column":3}},"locations":[{"start":{"line":55,"column":23},"end":{"line":60,"column":3}}]},"9":{"type":"branch","line":57,"loc":{"start":{"line":57,"column":14},"end":{"line":57,"column":21}},"locations":[{"start":{"line":57,"column":14},"end":{"line":57,"column":21}}]},"10":{"type":"branch","line":90,"loc":{"start":{"line":90,"column":0},"end":{"line":126,"column":1}},"locations":[{"start":{"line":90,"column":0},"end":{"line":126,"column":1}}]},"11":{"type":"branch","line":96,"loc":{"start":{"line":96,"column":51},"end":{"line":125,"column":3}},"locations":[{"start":{"line":96,"column":51},"end":{"line":125,"column":3}}]},"12":{"type":"branch","line":97,"loc":{"start":{"line":97,"column":29},"end":{"line":115,"column":7}},"locations":[{"start":{"line":97,"column":29},"end":{"line":115,"column":7}}]},"13":{"type":"branch","line":111,"loc":{"start":{"line":111,"column":44},"end":{"line":114,"column":7}},"locations":[{"start":{"line":111,"column":44},"end":{"line":114,"column":7}}]},"14":{"type":"branch","line":118,"loc":{"start":{"line":118,"column":15},"end":{"line":121,"column":8}},"locations":[{"start":{"line":118,"column":15},"end":{"line":121,"column":8}}]}},"b":{"0":[0],"1":[13],"2":[10],"3":[12],"4":[10],"5":[3],"6":[3],"7":[3],"8":[12],"9":[0],"10":[13],"11":[13],"12":[1],"13":[0],"14":[12]},"fnMap":{"0":{"name":"getWorker","decl":{"start":{"line":39,"column":0},"end":{"line":77,"column":1}},"loc":{"start":{"line":39,"column":0},"end":{"line":77,"column":1}},"line":39},"1":{"name":"execWithTimeout","decl":{"start":{"line":90,"column":0},"end":{"line":126,"column":1}},"loc":{"start":{"line":90,"column":0},"end":{"line":126,"column":1}},"line":90},"2":{"name":"resolve","decl":{"start":{"line":118,"column":15},"end":{"line":121,"column":8}},"loc":{"start":{"line":118,"column":15},"end":{"line":121,"column":8}},"line":118}},"f":{"0":13,"1":13,"2":12}}
}
